[2026-03-28T12:00:01Z] Running health check...
[2026-03-28T12:00:01Z] Health check: problems_detected (1 problems)
Problems: SERVICE_DOWN:openclaw-gateway
[2026-03-28T12:00:01Z] Problems detected. Attempting autonomous remediation...
[2026-03-28T12:00:01Z] Restarting openclaw-gateway (attempt 1)...
Failed to connect to bus: No medium found
Failed to connect to bus: No medium found
[2026-03-28T12:00:01Z] Restarting openclaw-gateway (attempt 2)...
Failed to connect to bus: No medium found
Failed to connect to bus: No medium found
[2026-03-28T12:00:01Z] FAILED: Could not restart openclaw-gateway after 2 attempts.
[2026-03-28T12:00:01Z] Escalation needed. OPERATE session should be spawned.
[2026-03-28T16:00:01Z] Running health check...
[2026-03-28T16:00:01Z] Health check: healthy (0 problems)
[2026-03-28T16:00:01Z] All clear.
[2026-03-28T20:00:01Z] Running health check...
[2026-03-28T20:00:01Z] Health check: healthy (0 problems)
[2026-03-28T20:00:01Z] All clear.
[2026-03-29T00:00:01Z] Running health check...
[2026-03-29T00:00:01Z] Health check: healthy (0 problems)
[2026-03-29T00:00:01Z] All clear.
[2026-03-29T04:00:02Z] Running health check...
[2026-03-29T04:00:02Z] Health check: problems_detected (1 problems)
Problems: RAM_HIGH:99%
[2026-03-29T04:00:02Z] Problems detected. Attempting autonomous remediation...
[2026-03-29T04:00:02Z] Cannot auto-remediate: RAM_HIGH:99%
[2026-03-29T04:00:02Z] Escalation needed. OPERATE session should be spawned.
[2026-03-29T08:00:01Z] Running health check...
[2026-03-29T08:00:01Z] Health check: healthy (0 problems)
[2026-03-29T08:00:01Z] All clear.
[2026-03-29T12:00:01Z] Running health check...
[2026-03-29T12:00:01Z] Health check: healthy (0 problems)
[2026-03-29T12:00:01Z] All clear.
[2026-03-29T16:00:01Z] Running health check...
[2026-03-29T16:00:01Z] Health check: healthy (0 problems)
[2026-03-29T16:00:01Z] All clear.
[2026-03-29T20:00:01Z] Running health check...
[2026-03-29T20:00:01Z] Health check: healthy (0 problems)
[2026-03-29T20:00:01Z] All clear.
[2026-03-30T00:00:01Z] Running health check...
[2026-03-30T00:00:01Z] Health check: healthy (0 problems)
[2026-03-30T00:00:01Z] All clear.
[2026-03-30T04:00:01Z] Running health check...
[2026-03-30T04:00:01Z] Health check: healthy (0 problems)
[2026-03-30T04:00:01Z] All clear.
[2026-03-30T08:00:01Z] Running health check...
[2026-03-30T08:00:01Z] Health check: healthy (0 problems)
[2026-03-30T08:00:01Z] All clear.
[2026-03-30T12:00:01Z] Running health check...
[2026-03-30T12:00:01Z] Health check: healthy (0 problems)
[2026-03-30T12:00:01Z] All clear.
[2026-03-30T16:00:01Z] Running health check...
[2026-03-30T16:00:01Z] Health check: healthy (0 problems)
[2026-03-30T16:00:01Z] All clear.
[2026-03-30T20:00:01Z] Running health check...
[2026-03-30T20:00:01Z] Health check: healthy (0 problems)
[2026-03-30T20:00:01Z] All clear.
[2026-03-31T00:00:01Z] Running health check...
[2026-03-31T00:00:01Z] Health check: healthy (0 problems)
[2026-03-31T00:00:01Z] All clear.
[2026-03-31T04:00:01Z] Running health check...
[2026-03-31T04:00:01Z] Health check: healthy (0 problems)
[2026-03-31T04:00:01Z] All clear.
[2026-03-31T08:00:01Z] Running health check...
[2026-03-31T08:00:01Z] Health check: healthy (0 problems)
[2026-03-31T08:00:01Z] All clear.
[2026-03-31T12:00:01Z] Running health check...
[2026-03-31T12:00:01Z] Health check: healthy (0 problems)
[2026-03-31T12:00:01Z] All clear.
[2026-03-31T16:00:01Z] Running health check...
[2026-03-31T16:00:01Z] Health check: healthy (0 problems)
[2026-03-31T16:00:01Z] All clear.
[2026-03-31T20:00:01Z] Running health check...
[2026-03-31T20:00:01Z] Health check: healthy (0 problems)
[2026-03-31T20:00:01Z] All clear.
[2026-04-01T00:00:01Z] Running health check...
[2026-04-01T00:00:01Z] Health check: healthy (0 problems)
[2026-04-01T00:00:01Z] All clear.
[2026-04-01T04:00:01Z] Running health check...
[2026-04-01T04:00:01Z] Health check: healthy (0 problems)
[2026-04-01T04:00:01Z] All clear.
[2026-04-01T08:00:01Z] Running health check...
[2026-04-01T08:00:01Z] Health check: healthy (0 problems)
[2026-04-01T08:00:01Z] All clear.
[2026-04-01T12:00:01Z] Running health check...
[2026-04-01T12:00:01Z] Health check: healthy (0 problems)
[2026-04-01T12:00:01Z] All clear.
[2026-04-01T16:00:01Z] Running health check...
[2026-04-01T16:00:01Z] Health check: healthy (0 problems)
[2026-04-01T16:00:01Z] All clear.
[2026-04-01T20:00:01Z] Running health check...
[2026-04-01T20:00:01Z] Health check: healthy (0 problems)
[2026-04-01T20:00:01Z] All clear.
[2026-04-02T00:00:01Z] Running health check...
[2026-04-02T00:00:01Z] Health check: healthy (0 problems)
[2026-04-02T00:00:01Z] All clear.
[2026-04-02T04:00:01Z] Running health check...
[2026-04-02T04:00:01Z] Health check: healthy (0 problems)
[2026-04-02T04:00:01Z] All clear.
[2026-04-02T08:00:01Z] Running health check...
[2026-04-02T08:00:01Z] Health check: healthy (0 problems)
[2026-04-02T08:00:01Z] All clear.
[2026-04-02T12:00:01Z] Running health check...
[2026-04-02T12:00:01Z] Health check: healthy (0 problems)
[2026-04-02T12:00:01Z] All clear.
[2026-04-02T16:00:01Z] Running health check...
[2026-04-02T16:00:01Z] Health check: healthy (0 problems)
[2026-04-02T16:00:01Z] All clear.
[2026-04-02T20:00:01Z] Running health check...
[2026-04-02T20:00:01Z] Health check: healthy (0 problems)
[2026-04-02T20:00:01Z] All clear.
[2026-04-03T00:00:01Z] Running health check...
[2026-04-03T00:00:01Z] Health check: healthy (0 problems)
[2026-04-03T00:00:01Z] All clear.
[2026-04-03T04:00:01Z] Running health check...
[2026-04-03T04:00:01Z] Health check: healthy (0 problems)
[2026-04-03T04:00:01Z] All clear.
[2026-04-03T08:00:01Z] Running health check...
[2026-04-03T08:00:01Z] Health check: healthy (0 problems)
[2026-04-03T08:00:01Z] All clear.
[2026-04-03T12:00:01Z] Running health check...
[2026-04-03T12:00:01Z] Health check: healthy (0 problems)
[2026-04-03T12:00:01Z] All clear.
[2026-04-03T16:00:01Z] Running health check...
[2026-04-03T16:00:01Z] Health check: healthy (0 problems)
[2026-04-03T16:00:01Z] All clear.
[2026-04-03T20:00:01Z] Running health check...
[2026-04-03T20:00:01Z] Health check: healthy (0 problems)
[2026-04-03T20:00:01Z] All clear.
[2026-04-04T00:00:01Z] Running health check...
[2026-04-04T00:00:01Z] Health check: healthy (0 problems)
[2026-04-04T00:00:01Z] All clear.
[2026-04-04T04:00:01Z] Running health check...
[2026-04-04T04:00:01Z] Health check: healthy (0 problems)
[2026-04-04T04:00:01Z] All clear.
[2026-04-04T08:00:01Z] Running health check...
[2026-04-04T08:00:01Z] Health check: healthy (0 problems)
[2026-04-04T08:00:01Z] All clear.
[2026-04-04T12:00:01Z] Running health check...
[2026-04-04T12:00:01Z] Health check: healthy (0 problems)
[2026-04-04T12:00:01Z] All clear.
[2026-04-04T16:00:01Z] Running health check...
[2026-04-04T16:00:01Z] Health check: healthy (0 problems)
[2026-04-04T16:00:01Z] All clear.
[2026-04-04T20:00:01Z] Running health check...
[2026-04-04T20:00:01Z] Health check: healthy (0 problems)
[2026-04-04T20:00:01Z] All clear.
[2026-04-05T00:00:01Z] Running health check...
[2026-04-05T00:00:01Z] Health check: healthy (0 problems)
[2026-04-05T00:00:01Z] All clear.
[2026-04-05T04:00:01Z] Running health check...
[2026-04-05T04:00:01Z] Health check: healthy (0 problems)
[2026-04-05T04:00:01Z] All clear.
[2026-04-05T08:00:01Z] Running health check...
[2026-04-05T08:00:01Z] Health check: healthy (0 problems)
[2026-04-05T08:00:01Z] All clear.
[2026-04-05T12:00:01Z] Running health check...
[2026-04-05T12:00:01Z] Health check: healthy (0 problems)
[2026-04-05T12:00:01Z] All clear.
[2026-04-05T16:00:01Z] Running health check...
[2026-04-05T16:00:01Z] Health check: healthy (0 problems)
[2026-04-05T16:00:01Z] All clear.
[2026-04-05T20:00:01Z] Running health check...
[2026-04-05T20:00:01Z] Health check: healthy (0 problems)
[2026-04-05T20:00:01Z] All clear.
[2026-04-06T00:00:01Z] Running health check...
[2026-04-06T00:00:01Z] Health check: healthy (0 problems)
[2026-04-06T00:00:01Z] All clear.
[2026-04-06T04:00:01Z] Running health check...
[2026-04-06T04:00:01Z] Health check: healthy (0 problems)
[2026-04-06T04:00:01Z] All clear.
[2026-04-06T08:00:01Z] Running health check...
[2026-04-06T08:00:01Z] Health check: healthy (0 problems)
[2026-04-06T08:00:01Z] All clear.
[2026-04-06T12:00:01Z] Running health check...
[2026-04-06T12:00:01Z] Health check: healthy (0 problems)
[2026-04-06T12:00:01Z] All clear.
[2026-04-06T16:00:01Z] Running health check...
[2026-04-06T16:00:01Z] Health check: healthy (0 problems)
[2026-04-06T16:00:01Z] All clear.
[2026-04-06T20:00:01Z] Running health check...
[2026-04-06T20:00:01Z] Health check: healthy (0 problems)
[2026-04-06T20:00:01Z] All clear.
[2026-04-07T00:00:01Z] Running health check...
[2026-04-07T00:00:01Z] Health check: healthy (0 problems)
[2026-04-07T00:00:01Z] All clear.
[2026-04-07T04:00:01Z] Running health check...
[2026-04-07T04:00:01Z] Health check: healthy (0 problems)
[2026-04-07T04:00:01Z] All clear.
[2026-04-07T08:00:01Z] Running health check...
[2026-04-07T08:00:01Z] Health check: healthy (0 problems)
[2026-04-07T08:00:01Z] All clear.
[2026-04-07T12:00:01Z] Running health check...
[2026-04-07T12:00:01Z] Health check: healthy (0 problems)
[2026-04-07T12:00:01Z] All clear.
[2026-04-07T16:00:01Z] Running health check...
[2026-04-07T16:00:01Z] Health check: healthy (0 problems)
[2026-04-07T16:00:01Z] All clear.
[2026-04-07T20:00:01Z] Running health check...
[2026-04-07T20:00:01Z] Health check: healthy (0 problems)
[2026-04-07T20:00:01Z] All clear.
[2026-04-08T00:00:01Z] Running health check...
[2026-04-08T00:00:01Z] Health check: healthy (0 problems)
[2026-04-08T00:00:01Z] All clear.
[2026-04-08T04:00:01Z] Running health check...
[2026-04-08T04:00:01Z] Health check: healthy (0 problems)
[2026-04-08T04:00:01Z] All clear.
[2026-04-08T08:00:01Z] Running health check...
[2026-04-08T08:00:01Z] Health check: healthy (0 problems)
[2026-04-08T08:00:01Z] All clear.
[2026-04-08T12:00:01Z] Running health check...
[2026-04-08T12:00:01Z] Health check: healthy (0 problems)
[2026-04-08T12:00:01Z] All clear.
[2026-04-08T16:00:01Z] Running health check...
[2026-04-08T16:00:01Z] Health check: healthy (0 problems)
[2026-04-08T16:00:01Z] All clear.
[2026-04-08T20:00:01Z] Running health check...
[2026-04-08T20:00:01Z] Health check: healthy (0 problems)
[2026-04-08T20:00:01Z] All clear.
[2026-04-09T00:00:01Z] Running health check...
[2026-04-09T00:00:01Z] Health check: healthy (0 problems)
[2026-04-09T00:00:01Z] All clear.
[2026-04-09T04:00:01Z] Running health check...
[2026-04-09T04:00:01Z] Health check: healthy (0 problems)
[2026-04-09T04:00:01Z] All clear.
[2026-04-09T08:00:01Z] Running health check...
[2026-04-09T08:00:01Z] Health check: healthy (0 problems)
[2026-04-09T08:00:01Z] All clear.
[2026-04-09T12:00:01Z] Running health check...
[2026-04-09T12:00:01Z] Health check: healthy (0 problems)
[2026-04-09T12:00:01Z] All clear.
[2026-04-09T16:00:01Z] Running health check...
[2026-04-09T16:00:01Z] Health check: healthy (0 problems)
[2026-04-09T16:00:01Z] All clear.
[2026-04-09T20:00:01Z] Running health check...
[2026-04-09T20:00:01Z] Health check: healthy (0 problems)
[2026-04-09T20:00:01Z] All clear.
[2026-04-10T00:00:01Z] Running health check...
[2026-04-10T00:00:01Z] Health check: healthy (0 problems)
[2026-04-10T00:00:01Z] All clear.
[2026-04-10T04:00:01Z] Running health check...
[2026-04-10T04:00:01Z] Health check: healthy (0 problems)
[2026-04-10T04:00:01Z] All clear.
[2026-04-10T08:00:01Z] Running health check...
[2026-04-10T08:00:01Z] Health check: healthy (0 problems)
[2026-04-10T08:00:01Z] All clear.
[2026-04-10T12:00:01Z] Running health check...
[2026-04-10T12:00:01Z] Health check: healthy (0 problems)
[2026-04-10T12:00:01Z] All clear.
[2026-04-10T16:00:01Z] Running health check...
[2026-04-10T16:00:01Z] Health check: healthy (0 problems)
[2026-04-10T16:00:01Z] All clear.
[2026-04-10T20:00:01Z] Running health check...
[2026-04-10T20:00:01Z] Health check: healthy (0 problems)
[2026-04-10T20:00:01Z] All clear.
[2026-04-11T00:00:01Z] Running health check...
[2026-04-11T00:00:01Z] Health check: healthy (0 problems)
[2026-04-11T00:00:01Z] All clear.
[2026-04-11T04:00:01Z] Running health check...
[2026-04-11T04:00:01Z] Health check: healthy (0 problems)
[2026-04-11T04:00:01Z] All clear.
[2026-04-11T08:00:01Z] Running health check...
[2026-04-11T08:00:01Z] Health check: healthy (0 problems)
[2026-04-11T08:00:01Z] All clear.
[2026-04-11T12:00:01Z] Running health check...
[2026-04-11T12:00:01Z] Health check: healthy (0 problems)
[2026-04-11T12:00:01Z] All clear.
[2026-04-11T16:00:01Z] Running health check...
[2026-04-11T16:00:01Z] Health check: healthy (0 problems)
[2026-04-11T16:00:01Z] All clear.
[2026-04-11T20:00:01Z] Running health check...
[2026-04-11T20:00:01Z] Health check: healthy (0 problems)
[2026-04-11T20:00:01Z] All clear.
[2026-04-12T00:00:01Z] Running health check...
[2026-04-12T00:00:01Z] Health check: healthy (0 problems)
[2026-04-12T00:00:01Z] All clear.
[2026-04-12T04:00:01Z] Running health check...
[2026-04-12T04:00:01Z] Health check: healthy (0 problems)
[2026-04-12T04:00:01Z] All clear.
[2026-04-12T08:00:01Z] Running health check...
[2026-04-12T08:00:01Z] Health check: healthy (0 problems)
[2026-04-12T08:00:01Z] All clear.
[2026-04-12T12:00:01Z] Running health check...
[2026-04-12T12:00:01Z] Health check: healthy (0 problems)
[2026-04-12T12:00:01Z] All clear.
[2026-04-12T16:00:01Z] Running health check...
[2026-04-12T16:00:02Z] Health check: healthy (0 problems)
[2026-04-12T16:00:01Z] All clear.
[2026-04-12T20:00:01Z] Running health check...
[2026-04-12T20:00:01Z] Health check: healthy (0 problems)
[2026-04-12T20:00:01Z] All clear.
[2026-04-13T00:00:01Z] Running health check...
[2026-04-13T00:00:02Z] Health check: healthy (0 problems)
[2026-04-13T00:00:01Z] All clear.
