2026-03-28 13:37:03,532 [INFO] Vigil Scheduler started
2026-03-28 13:37:03,532 [INFO] Max sessions: 5
2026-03-28 13:37:03,532 [INFO] Check interval: 60s
2026-03-28 13:37:03,532 [INFO] KANBAN: /home/lever/command/shared-brain/KANBAN.md
2026-03-28 13:37:03,552 [INFO] All 5 slots full. Waiting.
2026-03-28 13:38:03,581 [INFO] All 5 slots full. Waiting.
2026-03-28 13:39:03,614 [INFO] All 5 slots full. Waiting.
2026-03-28 13:40:03,642 [INFO] All 5 slots full. Waiting.
2026-03-28 13:40:17,806 [INFO] Signal 15, shutting down...
2026-03-28 13:40:18,647 [INFO] Scheduler stopped
2026-03-28 13:42:16,118 [INFO] Vigil Scheduler v2 started
2026-03-28 13:42:16,119 [INFO] Max sessions: 5, Daily limit: 80
2026-03-28 13:42:16,164 [INFO] DISPATCH [plan] task=lever-bug-1 (session #1 today)
2026-03-28 13:42:16,190 [INFO] Cycle: 4 active, 1 available, 1 dispatched, 1 today
2026-03-28 13:43:16,217 [INFO] DISPATCH [plan] task=lever-bug-2 (session #2 today)
2026-03-28 13:43:16,240 [INFO] Cycle: 5 active, 0 available, 1 dispatched, 2 today
2026-03-28 13:44:16,292 [INFO] Cycle: 5 active, 0 available, 0 dispatched, 2 today
2026-03-28 13:45:16,319 [INFO] DISPATCH [plan] task=lever-bug-3 (session #3 today)
2026-03-28 13:45:16,339 [INFO] Cycle: 3 active, 2 available, 1 dispatched, 3 today
2026-03-28 13:46:16,367 [INFO] DISPATCH [plan] task=lever-bug-4 (session #4 today)
2026-03-28 13:46:16,388 [INFO] Cycle: 4 active, 1 available, 1 dispatched, 4 today
2026-03-28 13:46:47,393 [INFO] Scheduler stopped
2026-03-28 13:46:47,461 [INFO] Vigil Scheduler v2 started
2026-03-28 13:46:47,461 [INFO] Max sessions: 5, Daily limit: 80
2026-03-28 13:46:47,503 [INFO] Cycle: 4 active, 1 available, 0 dispatched, 4 today
2026-03-28 13:47:47,552 [INFO] Cycle: 4 active, 1 available, 0 dispatched, 4 today
2026-03-28 13:48:47,601 [INFO] Cycle: 4 active, 1 available, 0 dispatched, 4 today
2026-03-28 13:48:54,603 [INFO] Scheduler stopped
2026-03-28 13:48:54,672 [INFO] Vigil Scheduler v2 started
2026-03-28 13:48:54,672 [INFO] Max sessions: 5, Daily limit: 80
2026-03-28 13:48:54,672 [INFO] PLAN complete for lever-bug-2. Moving to critique.
2026-03-28 13:48:54,673 [INFO] PLAN complete for lever-bug-3. Moving to critique.
2026-03-28 13:48:54,674 [INFO] PLAN complete for lever-bug-4. Moving to critique.
2026-03-28 13:48:54,695 [INFO] DISPATCH [critique] task=lever-bug-2 (session #5 today)
2026-03-28 13:48:54,718 [INFO] Cycle: 2 active, 3 available, 1 dispatched, 5 today
2026-03-28 13:49:54,774 [INFO] Cycle: 2 active, 3 available, 0 dispatched, 5 today
2026-03-28 13:50:21,778 [INFO] Scheduler stopped
2026-03-28 13:50:21,846 [INFO] Vigil Scheduler v2 started
2026-03-28 13:50:21,847 [INFO] Max sessions: 5, Daily limit: 80
2026-03-28 13:50:21,888 [INFO] Cycle: 2 active, 3 available, 0 dispatched, 5 today
2026-03-28 13:50:31,935 [INFO] Cycle: 2 active, 3 available, 0 dispatched, 5 today
2026-03-28 13:50:41,987 [INFO] Cycle: 2 active, 3 available, 0 dispatched, 5 today
2026-03-28 13:50:52,026 [INFO] Cycle: 2 active, 3 available, 0 dispatched, 5 today
2026-03-28 13:50:59,032 [INFO] Scheduler stopped
2026-03-28 13:50:59,101 [INFO] Vigil Scheduler v2 started
2026-03-28 13:50:59,101 [INFO] Max sessions: 5, Daily limit: 80
2026-03-28 13:50:59,153 [INFO] Cycle: 2 active, 3 available, 0 dispatched, 5 today
2026-03-28 13:51:09,200 [INFO] Cycle: 2 active, 3 available, 0 dispatched, 5 today
2026-03-28 13:51:19,241 [INFO] Cycle: 2 active, 3 available, 0 dispatched, 5 today
2026-03-28 13:51:29,281 [INFO] Cycle: 2 active, 3 available, 0 dispatched, 5 today
2026-03-28 13:51:39,322 [INFO] Cycle: 2 active, 3 available, 0 dispatched, 5 today
2026-03-28 13:51:49,364 [INFO] Cycle: 2 active, 3 available, 0 dispatched, 5 today
2026-03-28 13:51:52,365 [INFO] Scheduler stopped
2026-03-28 13:51:52,432 [INFO] Vigil Scheduler v2 started
2026-03-28 13:51:52,432 [INFO] Max sessions: 5, Daily limit: 80
2026-03-28 13:51:52,472 [INFO] Cycle: 2 active, 3 available, 0 dispatched, 5 today
2026-03-28 13:52:02,517 [INFO] Cycle: 2 active, 3 available, 0 dispatched, 5 today
2026-03-28 13:52:12,568 [INFO] Cycle: 2 active, 3 available, 0 dispatched, 5 today
2026-03-28 13:52:22,615 [INFO] Cycle: 2 active, 3 available, 0 dispatched, 5 today
2026-03-28 13:52:32,662 [INFO] Cycle: 2 active, 3 available, 0 dispatched, 5 today
2026-03-28 13:52:42,701 [INFO] Cycle: 2 active, 3 available, 0 dispatched, 5 today
2026-03-28 13:52:52,741 [INFO] Cycle: 2 active, 3 available, 0 dispatched, 5 today
2026-03-28 13:53:02,783 [INFO] Cycle: 2 active, 3 available, 0 dispatched, 5 today
2026-03-28 13:53:12,829 [INFO] Cycle: 2 active, 3 available, 0 dispatched, 5 today
2026-03-28 13:53:22,869 [INFO] Cycle: 2 active, 3 available, 0 dispatched, 5 today
2026-03-28 13:53:30,870 [INFO] Scheduler stopped
2026-03-28 13:53:30,947 [INFO] Vigil Scheduler v2 started
2026-03-28 13:53:30,947 [INFO] Max sessions: 5, Daily limit: 80
2026-03-28 13:53:30,967 [INFO] Support check: remaining=3, dispatched=0
2026-03-28 13:53:30,987 [INFO] Cycle: 2 active, 3 available, 0 dispatched, 5 today
2026-03-28 13:53:41,008 [INFO] Support check: remaining=3, dispatched=0
2026-03-28 13:53:41,027 [INFO] Cycle: 2 active, 3 available, 0 dispatched, 5 today
2026-03-28 13:53:51,054 [INFO] Support check: remaining=3, dispatched=0
2026-03-28 13:53:51,076 [INFO] Cycle: 2 active, 3 available, 0 dispatched, 5 today
2026-03-28 13:54:01,097 [INFO] Support check: remaining=3, dispatched=0
2026-03-28 13:54:01,117 [INFO] Cycle: 2 active, 3 available, 0 dispatched, 5 today
2026-03-28 13:54:11,143 [INFO] Support check: remaining=3, dispatched=0
2026-03-28 13:54:11,163 [INFO] Cycle: 2 active, 3 available, 0 dispatched, 5 today
2026-03-28 13:54:21,183 [INFO] Support check: remaining=3, dispatched=0
2026-03-28 13:54:21,203 [INFO] Cycle: 2 active, 3 available, 0 dispatched, 5 today
2026-03-28 13:54:31,225 [INFO] Support check: remaining=3, dispatched=0
2026-03-28 13:54:31,244 [INFO] Cycle: 2 active, 3 available, 0 dispatched, 5 today
2026-03-28 13:54:35,245 [INFO] Scheduler stopped
2026-03-28 13:54:35,314 [INFO] Vigil Scheduler v2 started
2026-03-28 13:54:35,314 [INFO] Max sessions: 5, Daily limit: 80
2026-03-28 13:54:35,334 [INFO] Support check: remaining=3, dispatched=0
2026-03-28 13:54:35,353 [INFO] DISPATCH [improve] task=support-improve (session #6 today)
2026-03-28 13:54:35,374 [INFO] DISPATCH [operate] task=support-operate (session #7 today)
2026-03-28 13:54:35,400 [INFO] DISPATCH [research] task=support-research (session #8 today)
2026-03-28 13:54:35,426 [INFO] Cycle: 7 active, -2 available, 3 dispatched, 8 today
2026-03-28 13:54:45,474 [INFO] Cycle: 5 active, 0 available, 0 dispatched, 8 today
2026-03-28 13:54:55,512 [INFO] Cycle: 5 active, 0 available, 0 dispatched, 8 today
2026-03-28 13:55:05,556 [INFO] Cycle: 5 active, 0 available, 0 dispatched, 8 today
2026-03-28 13:55:15,597 [INFO] Cycle: 5 active, 0 available, 0 dispatched, 8 today
2026-03-28 13:55:25,639 [INFO] Cycle: 5 active, 0 available, 0 dispatched, 8 today
2026-03-28 13:55:35,681 [INFO] Cycle: 5 active, 0 available, 0 dispatched, 8 today
2026-03-28 13:55:45,722 [INFO] Cycle: 5 active, 0 available, 0 dispatched, 8 today
2026-03-28 13:55:55,773 [INFO] Cycle: 5 active, 0 available, 0 dispatched, 8 today
2026-03-28 13:56:05,817 [INFO] Cycle: 5 active, 0 available, 0 dispatched, 8 today
2026-03-28 13:56:15,861 [INFO] Cycle: 5 active, 0 available, 0 dispatched, 8 today
2026-03-28 13:56:25,900 [INFO] Cycle: 5 active, 0 available, 0 dispatched, 8 today
2026-03-28 13:56:35,943 [INFO] Cycle: 5 active, 0 available, 0 dispatched, 8 today
2026-03-28 13:56:46,035 [INFO] Cycle: 5 active, 0 available, 0 dispatched, 8 today
2026-03-28 13:56:56,074 [INFO] Cycle: 5 active, 0 available, 0 dispatched, 8 today
2026-03-28 13:57:06,121 [INFO] Cycle: 5 active, 0 available, 0 dispatched, 8 today
2026-03-28 13:57:16,162 [INFO] Cycle: 5 active, 0 available, 0 dispatched, 8 today
2026-03-28 13:57:26,204 [INFO] Cycle: 5 active, 0 available, 0 dispatched, 8 today
2026-03-28 13:57:36,252 [INFO] Cycle: 5 active, 0 available, 0 dispatched, 8 today
2026-03-28 13:57:46,292 [INFO] Cycle: 5 active, 0 available, 0 dispatched, 8 today
2026-03-28 13:57:56,332 [INFO] Cycle: 5 active, 0 available, 0 dispatched, 8 today
2026-03-28 13:58:06,372 [INFO] Cycle: 5 active, 0 available, 0 dispatched, 8 today
2026-03-28 13:58:16,415 [INFO] Cycle: 5 active, 0 available, 0 dispatched, 8 today
2026-03-28 13:58:26,456 [INFO] Cycle: 5 active, 0 available, 0 dispatched, 8 today
2026-03-28 13:58:36,513 [INFO] Cycle: 5 active, 0 available, 0 dispatched, 8 today
2026-03-28 13:58:46,550 [INFO] Cycle: 5 active, 0 available, 0 dispatched, 8 today
2026-03-28 13:58:56,590 [INFO] Cycle: 5 active, 0 available, 0 dispatched, 8 today
2026-03-28 13:59:06,631 [INFO] Cycle: 5 active, 0 available, 0 dispatched, 8 today
2026-03-28 13:59:16,671 [INFO] Cycle: 5 active, 0 available, 0 dispatched, 8 today
2026-03-28 13:59:26,741 [INFO] Cycle: 5 active, 0 available, 0 dispatched, 8 today
2026-03-28 13:59:36,788 [INFO] Cycle: 5 active, 0 available, 0 dispatched, 8 today
2026-03-28 13:59:46,829 [INFO] Cycle: 5 active, 0 available, 0 dispatched, 8 today
2026-03-28 13:59:56,871 [INFO] Cycle: 5 active, 0 available, 0 dispatched, 8 today
2026-03-28 14:00:06,924 [INFO] Cycle: 5 active, 0 available, 0 dispatched, 8 today
2026-03-28 14:00:16,964 [INFO] Cycle: 5 active, 0 available, 0 dispatched, 8 today
2026-03-28 14:00:27,004 [INFO] Cycle: 5 active, 0 available, 0 dispatched, 8 today
2026-03-28 14:00:37,055 [INFO] Cycle: 5 active, 0 available, 0 dispatched, 8 today
2026-03-28 14:00:47,094 [INFO] Cycle: 5 active, 0 available, 0 dispatched, 8 today
2026-03-28 14:00:57,138 [INFO] Cycle: 5 active, 0 available, 0 dispatched, 8 today
2026-03-28 14:01:07,182 [INFO] Cycle: 5 active, 0 available, 0 dispatched, 8 today
2026-03-28 14:01:17,223 [INFO] Cycle: 5 active, 0 available, 0 dispatched, 8 today
2026-03-28 14:01:27,264 [INFO] Cycle: 5 active, 0 available, 0 dispatched, 8 today
2026-03-28 14:01:37,303 [INFO] Cycle: 5 active, 0 available, 0 dispatched, 8 today
2026-03-28 14:01:47,341 [INFO] Cycle: 5 active, 0 available, 0 dispatched, 8 today
2026-03-28 14:01:57,386 [INFO] Cycle: 5 active, 0 available, 0 dispatched, 8 today
2026-03-28 14:02:07,425 [INFO] Cycle: 5 active, 0 available, 0 dispatched, 8 today
2026-03-28 14:02:17,466 [INFO] Cycle: 5 active, 0 available, 0 dispatched, 8 today
2026-03-28 14:02:27,509 [INFO] Cycle: 5 active, 0 available, 0 dispatched, 8 today
2026-03-28 14:02:37,549 [INFO] Cycle: 5 active, 0 available, 0 dispatched, 8 today
2026-03-28 14:02:47,617 [INFO] Cycle: 5 active, 0 available, 0 dispatched, 8 today
2026-03-28 14:02:57,658 [INFO] Cycle: 5 active, 0 available, 0 dispatched, 8 today
2026-03-28 14:03:07,703 [INFO] Cycle: 5 active, 0 available, 0 dispatched, 8 today
2026-03-28 14:03:17,743 [INFO] Cycle: 5 active, 0 available, 0 dispatched, 8 today
2026-03-28 14:03:27,783 [INFO] Cycle: 5 active, 0 available, 0 dispatched, 8 today
2026-03-28 14:03:37,824 [INFO] Cycle: 5 active, 0 available, 0 dispatched, 8 today
2026-03-28 14:03:47,865 [INFO] Cycle: 5 active, 0 available, 0 dispatched, 8 today
2026-03-28 14:03:57,906 [INFO] Cycle: 5 active, 0 available, 0 dispatched, 8 today
2026-03-28 14:04:07,946 [INFO] Cycle: 5 active, 0 available, 0 dispatched, 8 today
2026-03-28 14:04:17,986 [INFO] Cycle: 5 active, 0 available, 0 dispatched, 8 today
2026-03-28 14:04:28,031 [INFO] Cycle: 5 active, 0 available, 0 dispatched, 8 today
2026-03-28 14:04:38,071 [INFO] Cycle: 5 active, 0 available, 0 dispatched, 8 today
2026-03-28 14:04:48,112 [INFO] Cycle: 5 active, 0 available, 0 dispatched, 8 today
2026-03-28 14:04:58,152 [INFO] Cycle: 5 active, 0 available, 0 dispatched, 8 today
2026-03-28 14:05:08,192 [INFO] Cycle: 5 active, 0 available, 0 dispatched, 8 today
2026-03-28 14:05:18,238 [INFO] Cycle: 5 active, 0 available, 0 dispatched, 8 today
2026-03-28 14:05:28,278 [INFO] Cycle: 5 active, 0 available, 0 dispatched, 8 today
2026-03-28 14:05:38,322 [INFO] Cycle: 5 active, 0 available, 0 dispatched, 8 today
2026-03-28 14:05:48,366 [INFO] Cycle: 5 active, 0 available, 0 dispatched, 8 today
2026-03-28 14:05:58,407 [INFO] Cycle: 5 active, 0 available, 0 dispatched, 8 today
2026-03-28 14:06:08,450 [INFO] Cycle: 5 active, 0 available, 0 dispatched, 8 today
2026-03-28 14:06:18,496 [INFO] Cycle: 5 active, 0 available, 0 dispatched, 8 today
2026-03-28 14:06:28,543 [INFO] Cycle: 5 active, 0 available, 0 dispatched, 8 today
2026-03-28 14:06:38,590 [INFO] Cycle: 5 active, 0 available, 0 dispatched, 8 today
2026-03-28 14:06:48,677 [INFO] Cycle: 5 active, 0 available, 0 dispatched, 8 today
2026-03-28 14:06:58,719 [INFO] Cycle: 5 active, 0 available, 0 dispatched, 8 today
2026-03-28 14:07:08,794 [INFO] Cycle: 5 active, 0 available, 0 dispatched, 8 today
2026-03-28 14:07:18,844 [INFO] Cycle: 5 active, 0 available, 0 dispatched, 8 today
2026-03-28 14:07:28,884 [INFO] Cycle: 5 active, 0 available, 0 dispatched, 8 today
2026-03-28 14:07:38,926 [INFO] Cycle: 5 active, 0 available, 0 dispatched, 8 today
2026-03-28 14:07:48,967 [INFO] Cycle: 5 active, 0 available, 0 dispatched, 8 today
2026-03-28 14:07:59,014 [INFO] Cycle: 5 active, 0 available, 0 dispatched, 8 today
2026-03-28 14:08:09,055 [INFO] Cycle: 5 active, 0 available, 0 dispatched, 8 today
2026-03-28 14:08:19,095 [INFO] Cycle: 5 active, 0 available, 0 dispatched, 8 today
2026-03-28 14:08:29,135 [INFO] Cycle: 5 active, 0 available, 0 dispatched, 8 today
2026-03-28 14:08:39,173 [INFO] Cycle: 5 active, 0 available, 0 dispatched, 8 today
2026-03-28 14:08:49,214 [INFO] Cycle: 5 active, 0 available, 0 dispatched, 8 today
2026-03-28 14:08:59,253 [INFO] Cycle: 5 active, 0 available, 0 dispatched, 8 today
2026-03-28 14:09:09,333 [INFO] Cycle: 5 active, 0 available, 0 dispatched, 8 today
2026-03-28 14:09:19,379 [INFO] Cycle: 5 active, 0 available, 0 dispatched, 8 today
2026-03-28 14:09:29,418 [INFO] Cycle: 5 active, 0 available, 0 dispatched, 8 today
2026-03-28 14:09:39,459 [INFO] Cycle: 5 active, 0 available, 0 dispatched, 8 today
2026-03-28 14:09:49,497 [INFO] Cycle: 5 active, 0 available, 0 dispatched, 8 today
2026-03-28 14:09:59,537 [INFO] Cycle: 5 active, 0 available, 0 dispatched, 8 today
2026-03-28 14:10:09,576 [INFO] Cycle: 5 active, 0 available, 0 dispatched, 8 today
2026-03-28 14:10:19,616 [INFO] Cycle: 5 active, 0 available, 0 dispatched, 8 today
2026-03-28 14:10:29,673 [INFO] Cycle: 5 active, 0 available, 0 dispatched, 8 today
2026-03-28 14:10:39,746 [INFO] Cycle: 5 active, 0 available, 0 dispatched, 8 today
2026-03-28 14:10:49,849 [INFO] Cycle: 5 active, 0 available, 0 dispatched, 8 today
2026-03-28 14:10:59,894 [INFO] Cycle: 5 active, 0 available, 0 dispatched, 8 today
2026-03-28 14:11:09,939 [INFO] Cycle: 5 active, 0 available, 0 dispatched, 8 today
2026-03-28 14:11:19,987 [INFO] Cycle: 5 active, 0 available, 0 dispatched, 8 today
2026-03-28 14:11:30,035 [INFO] Cycle: 5 active, 0 available, 0 dispatched, 8 today
2026-03-28 14:11:40,077 [INFO] Cycle: 5 active, 0 available, 0 dispatched, 8 today
2026-03-28 14:11:50,117 [INFO] Cycle: 5 active, 0 available, 0 dispatched, 8 today
2026-03-28 14:12:00,155 [INFO] Cycle: 5 active, 0 available, 0 dispatched, 8 today
2026-03-28 14:12:10,201 [INFO] Cycle: 5 active, 0 available, 0 dispatched, 8 today
2026-03-28 14:12:20,247 [INFO] Cycle: 5 active, 0 available, 0 dispatched, 8 today
2026-03-28 14:12:30,297 [INFO] Cycle: 5 active, 0 available, 0 dispatched, 8 today
2026-03-28 14:12:40,336 [INFO] Cycle: 5 active, 0 available, 0 dispatched, 8 today
2026-03-28 14:12:50,375 [INFO] Cycle: 5 active, 0 available, 0 dispatched, 8 today
2026-03-28 14:13:00,417 [INFO] Cycle: 5 active, 0 available, 0 dispatched, 8 today
2026-03-28 14:13:10,456 [INFO] Cycle: 5 active, 0 available, 0 dispatched, 8 today
2026-03-28 14:13:20,496 [INFO] Cycle: 5 active, 0 available, 0 dispatched, 8 today
2026-03-28 14:13:30,538 [INFO] Cycle: 5 active, 0 available, 0 dispatched, 8 today
2026-03-28 14:13:40,581 [INFO] Cycle: 5 active, 0 available, 0 dispatched, 8 today
2026-03-28 14:13:50,619 [INFO] Cycle: 5 active, 0 available, 0 dispatched, 8 today
2026-03-28 14:14:00,658 [INFO] Cycle: 5 active, 0 available, 0 dispatched, 8 today
2026-03-28 14:14:10,699 [INFO] Cycle: 5 active, 0 available, 0 dispatched, 8 today
2026-03-28 14:14:20,737 [INFO] Cycle: 5 active, 0 available, 0 dispatched, 8 today
2026-03-28 14:14:30,787 [INFO] Cycle: 5 active, 0 available, 0 dispatched, 8 today
2026-03-28 14:14:40,827 [INFO] Cycle: 5 active, 0 available, 0 dispatched, 8 today
2026-03-28 14:14:50,898 [INFO] Cycle: 5 active, 0 available, 0 dispatched, 8 today
2026-03-28 14:15:00,940 [INFO] Cycle: 5 active, 0 available, 0 dispatched, 8 today
2026-03-28 14:15:10,986 [INFO] Cycle: 5 active, 0 available, 0 dispatched, 8 today
2026-03-28 14:15:21,023 [INFO] Cycle: 5 active, 0 available, 0 dispatched, 8 today
2026-03-28 14:15:31,063 [INFO] Cycle: 5 active, 0 available, 0 dispatched, 8 today
2026-03-28 14:15:41,107 [INFO] Cycle: 5 active, 0 available, 0 dispatched, 8 today
2026-03-28 14:15:51,148 [INFO] Cycle: 5 active, 0 available, 0 dispatched, 8 today
2026-03-28 14:16:01,188 [INFO] Cycle: 5 active, 0 available, 0 dispatched, 8 today
2026-03-28 14:16:11,228 [INFO] Cycle: 5 active, 0 available, 0 dispatched, 8 today
2026-03-28 14:16:21,270 [INFO] Cycle: 5 active, 0 available, 0 dispatched, 8 today
2026-03-28 14:16:31,314 [INFO] Cycle: 5 active, 0 available, 0 dispatched, 8 today
2026-03-28 14:16:41,352 [INFO] Cycle: 5 active, 0 available, 0 dispatched, 8 today
2026-03-28 14:16:51,397 [INFO] Cycle: 5 active, 0 available, 0 dispatched, 8 today
2026-03-28 14:17:01,437 [INFO] Cycle: 5 active, 0 available, 0 dispatched, 8 today
2026-03-28 14:17:11,478 [INFO] Cycle: 5 active, 0 available, 0 dispatched, 8 today
2026-03-28 14:17:21,523 [INFO] Cycle: 5 active, 0 available, 0 dispatched, 8 today
2026-03-28 14:17:31,562 [INFO] Cycle: 5 active, 0 available, 0 dispatched, 8 today
2026-03-28 14:17:41,633 [INFO] Cycle: 5 active, 0 available, 0 dispatched, 8 today
2026-03-28 14:17:51,672 [INFO] Cycle: 5 active, 0 available, 0 dispatched, 8 today
2026-03-28 14:18:01,717 [INFO] Cycle: 5 active, 0 available, 0 dispatched, 8 today
2026-03-28 14:18:11,757 [INFO] Cycle: 5 active, 0 available, 0 dispatched, 8 today
2026-03-28 14:18:21,796 [INFO] Cycle: 5 active, 0 available, 0 dispatched, 8 today
2026-03-28 14:18:31,837 [INFO] Cycle: 5 active, 0 available, 0 dispatched, 8 today
2026-03-28 14:18:41,878 [INFO] Cycle: 5 active, 0 available, 0 dispatched, 8 today
2026-03-28 14:18:51,918 [INFO] Cycle: 5 active, 0 available, 0 dispatched, 8 today
2026-03-28 14:19:01,964 [INFO] Cycle: 5 active, 0 available, 0 dispatched, 8 today
2026-03-28 14:19:12,009 [INFO] Cycle: 5 active, 0 available, 0 dispatched, 8 today
2026-03-28 14:19:22,051 [INFO] Cycle: 5 active, 0 available, 0 dispatched, 8 today
2026-03-28 14:19:32,096 [INFO] Cycle: 5 active, 0 available, 0 dispatched, 8 today
2026-03-28 14:19:42,137 [INFO] Cycle: 5 active, 0 available, 0 dispatched, 8 today
2026-03-28 14:19:52,180 [INFO] Cycle: 5 active, 0 available, 0 dispatched, 8 today
2026-03-28 14:20:02,221 [INFO] Cycle: 5 active, 0 available, 0 dispatched, 8 today
2026-03-28 14:20:12,267 [INFO] Cycle: 5 active, 0 available, 0 dispatched, 8 today
2026-03-28 14:20:22,306 [INFO] Cycle: 5 active, 0 available, 0 dispatched, 8 today
2026-03-28 14:20:32,346 [INFO] Cycle: 5 active, 0 available, 0 dispatched, 8 today
2026-03-28 14:20:42,391 [INFO] Cycle: 5 active, 0 available, 0 dispatched, 8 today
2026-03-28 14:20:52,432 [INFO] Cycle: 5 active, 0 available, 0 dispatched, 8 today
2026-03-28 14:21:02,470 [INFO] Cycle: 5 active, 0 available, 0 dispatched, 8 today
2026-03-28 14:21:12,515 [INFO] Cycle: 5 active, 0 available, 0 dispatched, 8 today
2026-03-28 14:21:22,557 [INFO] Cycle: 5 active, 0 available, 0 dispatched, 8 today
2026-03-28 14:21:32,595 [INFO] Cycle: 5 active, 0 available, 0 dispatched, 8 today
2026-03-28 14:21:39,597 [INFO] Scheduler stopped
2026-03-28 14:21:39,666 [INFO] Vigil Scheduler v2 started
2026-03-28 14:21:39,666 [INFO] Max sessions: 5, Daily limit: 80
2026-03-28 14:21:39,707 [INFO] Cycle: 5 active, 0 available, 0 dispatched, 8 today
2026-03-28 14:21:49,750 [INFO] Cycle: 5 active, 0 available, 0 dispatched, 8 today
2026-03-28 14:21:59,797 [INFO] Cycle: 5 active, 0 available, 0 dispatched, 8 today
2026-03-28 14:22:09,843 [INFO] Cycle: 5 active, 0 available, 0 dispatched, 8 today
2026-03-28 14:22:19,882 [INFO] Cycle: 5 active, 0 available, 0 dispatched, 8 today
2026-03-28 14:22:29,926 [INFO] Cycle: 6 active, -1 available, 0 dispatched, 8 today
2026-03-28 14:22:39,968 [INFO] Cycle: 5 active, 0 available, 0 dispatched, 8 today
2026-03-28 14:22:50,008 [INFO] Cycle: 5 active, 0 available, 0 dispatched, 8 today
2026-03-28 14:23:00,050 [INFO] Cycle: 5 active, 0 available, 0 dispatched, 8 today
2026-03-28 14:23:10,096 [INFO] Cycle: 5 active, 0 available, 0 dispatched, 8 today
2026-03-28 14:23:20,137 [INFO] Cycle: 5 active, 0 available, 0 dispatched, 8 today
2026-03-28 14:23:30,139 [INFO] PLAN complete for lever-bug-1. Moving to critique.
2026-03-28 14:23:30,160 [INFO] DISPATCH [plan] task=lever-bug-5 (session #9 today)
2026-03-28 14:23:30,160 [INFO] Support check: remaining=0, dispatched=1
2026-03-28 14:23:30,181 [INFO] Cycle: 5 active, 0 available, 1 dispatched, 9 today
2026-03-28 14:23:40,222 [INFO] Cycle: 5 active, 0 available, 0 dispatched, 9 today
2026-03-28 14:23:50,262 [INFO] Cycle: 5 active, 0 available, 0 dispatched, 9 today
2026-03-28 14:24:00,304 [INFO] Cycle: 5 active, 0 available, 0 dispatched, 9 today
2026-03-28 14:24:10,342 [INFO] Cycle: 5 active, 0 available, 0 dispatched, 9 today
2026-03-28 14:24:20,383 [INFO] Cycle: 5 active, 0 available, 0 dispatched, 9 today
2026-03-28 14:24:30,425 [INFO] Cycle: 5 active, 0 available, 0 dispatched, 9 today
2026-03-28 14:24:40,467 [INFO] Cycle: 5 active, 0 available, 0 dispatched, 9 today
2026-03-28 14:24:50,508 [INFO] Cycle: 5 active, 0 available, 0 dispatched, 9 today
2026-03-28 14:25:00,548 [INFO] Cycle: 5 active, 0 available, 0 dispatched, 9 today
2026-03-28 14:25:10,588 [INFO] Cycle: 5 active, 0 available, 0 dispatched, 9 today
2026-03-28 14:25:20,634 [INFO] Cycle: 5 active, 0 available, 0 dispatched, 9 today
2026-03-28 14:25:30,676 [INFO] Cycle: 5 active, 0 available, 0 dispatched, 9 today
2026-03-28 14:25:40,729 [INFO] Cycle: 5 active, 0 available, 0 dispatched, 9 today
2026-03-28 14:25:50,772 [INFO] Cycle: 5 active, 0 available, 0 dispatched, 9 today
2026-03-28 14:26:00,814 [INFO] Cycle: 5 active, 0 available, 0 dispatched, 9 today
2026-03-28 14:26:10,856 [INFO] Cycle: 5 active, 0 available, 0 dispatched, 9 today
2026-03-28 14:26:20,910 [INFO] Cycle: 5 active, 0 available, 0 dispatched, 9 today
2026-03-28 14:26:30,956 [INFO] Cycle: 5 active, 0 available, 0 dispatched, 9 today
2026-03-28 14:26:40,997 [INFO] Cycle: 5 active, 0 available, 0 dispatched, 9 today
2026-03-28 14:26:51,037 [INFO] Cycle: 5 active, 0 available, 0 dispatched, 9 today
2026-03-28 14:27:01,080 [INFO] Cycle: 5 active, 0 available, 0 dispatched, 9 today
2026-03-28 14:27:11,121 [INFO] Cycle: 5 active, 0 available, 0 dispatched, 9 today
2026-03-28 14:27:21,161 [INFO] Cycle: 5 active, 0 available, 0 dispatched, 9 today
2026-03-28 14:27:31,205 [INFO] Cycle: 5 active, 0 available, 0 dispatched, 9 today
2026-03-28 14:27:41,246 [INFO] Cycle: 5 active, 0 available, 0 dispatched, 9 today
2026-03-28 14:27:51,290 [INFO] Cycle: 5 active, 0 available, 0 dispatched, 9 today
2026-03-28 14:28:01,329 [INFO] Cycle: 5 active, 0 available, 0 dispatched, 9 today
2026-03-28 14:28:11,368 [INFO] Cycle: 5 active, 0 available, 0 dispatched, 9 today
2026-03-28 14:28:21,410 [INFO] Cycle: 5 active, 0 available, 0 dispatched, 9 today
2026-03-28 14:28:31,459 [INFO] Cycle: 5 active, 0 available, 0 dispatched, 9 today
2026-03-28 14:28:41,500 [INFO] Cycle: 5 active, 0 available, 0 dispatched, 9 today
2026-03-28 14:28:51,549 [INFO] Cycle: 5 active, 0 available, 0 dispatched, 9 today
2026-03-28 14:29:01,592 [INFO] Cycle: 5 active, 0 available, 0 dispatched, 9 today
2026-03-28 14:29:11,640 [INFO] Cycle: 5 active, 0 available, 0 dispatched, 9 today
2026-03-28 14:29:21,684 [INFO] Cycle: 5 active, 0 available, 0 dispatched, 9 today
2026-03-28 14:29:31,725 [INFO] Cycle: 5 active, 0 available, 0 dispatched, 9 today
2026-03-28 14:29:41,765 [INFO] Cycle: 5 active, 0 available, 0 dispatched, 9 today
2026-03-28 14:29:51,806 [INFO] Cycle: 5 active, 0 available, 0 dispatched, 9 today
2026-03-28 14:30:01,850 [INFO] Cycle: 5 active, 0 available, 0 dispatched, 9 today
2026-03-28 14:30:11,891 [INFO] Cycle: 5 active, 0 available, 0 dispatched, 9 today
2026-03-28 14:30:21,931 [INFO] Cycle: 5 active, 0 available, 0 dispatched, 9 today
2026-03-28 14:30:31,972 [INFO] Cycle: 5 active, 0 available, 0 dispatched, 9 today
2026-03-28 14:30:42,015 [INFO] Cycle: 5 active, 0 available, 0 dispatched, 9 today
2026-03-28 14:30:52,062 [INFO] Cycle: 5 active, 0 available, 0 dispatched, 9 today
2026-03-28 14:31:02,106 [INFO] Cycle: 5 active, 0 available, 0 dispatched, 9 today
2026-03-28 14:31:12,147 [INFO] Cycle: 5 active, 0 available, 0 dispatched, 9 today
2026-03-28 14:31:22,184 [INFO] Cycle: 5 active, 0 available, 0 dispatched, 9 today
2026-03-28 14:31:32,224 [INFO] Cycle: 5 active, 0 available, 0 dispatched, 9 today
2026-03-28 14:31:42,269 [INFO] Cycle: 5 active, 0 available, 0 dispatched, 9 today
2026-03-28 14:31:52,309 [INFO] Cycle: 5 active, 0 available, 0 dispatched, 9 today
2026-03-28 14:32:02,350 [INFO] Cycle: 5 active, 0 available, 0 dispatched, 9 today
2026-03-28 14:32:12,392 [INFO] Cycle: 5 active, 0 available, 0 dispatched, 9 today
2026-03-28 14:32:22,430 [INFO] Cycle: 5 active, 0 available, 0 dispatched, 9 today
2026-03-28 14:32:32,471 [INFO] Cycle: 5 active, 0 available, 0 dispatched, 9 today
2026-03-28 14:32:42,515 [INFO] Cycle: 5 active, 0 available, 0 dispatched, 9 today
2026-03-28 14:32:52,554 [INFO] Cycle: 5 active, 0 available, 0 dispatched, 9 today
2026-03-28 14:33:02,595 [INFO] Cycle: 5 active, 0 available, 0 dispatched, 9 today
2026-03-28 14:33:12,636 [INFO] Cycle: 5 active, 0 available, 0 dispatched, 9 today
2026-03-28 14:33:22,675 [INFO] Cycle: 5 active, 0 available, 0 dispatched, 9 today
2026-03-28 14:33:32,718 [INFO] Cycle: 5 active, 0 available, 0 dispatched, 9 today
2026-03-28 14:33:42,758 [INFO] Cycle: 5 active, 0 available, 0 dispatched, 9 today
2026-03-28 14:33:52,795 [INFO] Cycle: 5 active, 0 available, 0 dispatched, 9 today
2026-03-28 14:34:02,836 [INFO] Cycle: 5 active, 0 available, 0 dispatched, 9 today
2026-03-28 14:34:12,877 [INFO] Cycle: 5 active, 0 available, 0 dispatched, 9 today
2026-03-28 14:34:22,922 [INFO] Cycle: 5 active, 0 available, 0 dispatched, 9 today
2026-03-28 14:34:32,961 [INFO] Cycle: 5 active, 0 available, 0 dispatched, 9 today
2026-03-28 14:34:42,999 [INFO] Cycle: 5 active, 0 available, 0 dispatched, 9 today
2026-03-28 14:34:53,039 [INFO] Cycle: 5 active, 0 available, 0 dispatched, 9 today
2026-03-28 14:35:03,081 [INFO] Cycle: 5 active, 0 available, 0 dispatched, 9 today
2026-03-28 14:35:13,123 [INFO] Cycle: 5 active, 0 available, 0 dispatched, 9 today
2026-03-28 14:35:23,163 [INFO] Cycle: 5 active, 0 available, 0 dispatched, 9 today
2026-03-28 14:35:33,204 [INFO] Cycle: 5 active, 0 available, 0 dispatched, 9 today
2026-03-28 14:35:43,245 [INFO] Cycle: 5 active, 0 available, 0 dispatched, 9 today
2026-03-28 14:35:53,284 [INFO] Cycle: 5 active, 0 available, 0 dispatched, 9 today
2026-03-28 14:36:03,326 [INFO] Cycle: 5 active, 0 available, 0 dispatched, 9 today
2026-03-28 14:36:13,364 [INFO] Cycle: 5 active, 0 available, 0 dispatched, 9 today
2026-03-28 14:36:23,402 [INFO] Cycle: 5 active, 0 available, 0 dispatched, 9 today
2026-03-28 14:36:33,442 [INFO] Cycle: 5 active, 0 available, 0 dispatched, 9 today
2026-03-28 14:36:43,482 [INFO] Cycle: 5 active, 0 available, 0 dispatched, 9 today
2026-03-28 14:36:53,525 [INFO] Cycle: 5 active, 0 available, 0 dispatched, 9 today
2026-03-28 14:37:03,563 [INFO] Cycle: 5 active, 0 available, 0 dispatched, 9 today
2026-03-28 14:37:13,601 [INFO] Cycle: 5 active, 0 available, 0 dispatched, 9 today
2026-03-28 14:37:23,639 [INFO] Cycle: 5 active, 0 available, 0 dispatched, 9 today
2026-03-28 14:37:33,681 [INFO] Cycle: 5 active, 0 available, 0 dispatched, 9 today
2026-03-28 14:37:43,727 [INFO] Cycle: 5 active, 0 available, 0 dispatched, 9 today
2026-03-28 14:37:53,767 [INFO] Cycle: 5 active, 0 available, 0 dispatched, 9 today
2026-03-28 14:38:03,809 [INFO] Cycle: 5 active, 0 available, 0 dispatched, 9 today
2026-03-28 14:38:13,851 [INFO] Cycle: 5 active, 0 available, 0 dispatched, 9 today
2026-03-28 14:38:23,892 [INFO] Cycle: 5 active, 0 available, 0 dispatched, 9 today
2026-03-28 14:38:33,937 [INFO] Cycle: 5 active, 0 available, 0 dispatched, 9 today
2026-03-28 14:38:43,981 [INFO] Cycle: 5 active, 0 available, 0 dispatched, 9 today
2026-03-28 14:38:54,021 [INFO] Cycle: 5 active, 0 available, 0 dispatched, 9 today
2026-03-28 14:39:04,062 [INFO] Cycle: 5 active, 0 available, 0 dispatched, 9 today
2026-03-28 14:39:14,105 [INFO] Cycle: 5 active, 0 available, 0 dispatched, 9 today
2026-03-28 14:39:24,145 [INFO] Cycle: 5 active, 0 available, 0 dispatched, 9 today
2026-03-28 14:39:34,185 [INFO] Cycle: 5 active, 0 available, 0 dispatched, 9 today
2026-03-28 14:39:44,225 [INFO] Cycle: 5 active, 0 available, 0 dispatched, 9 today
2026-03-28 14:39:54,267 [INFO] Cycle: 5 active, 0 available, 0 dispatched, 9 today
2026-03-28 14:40:04,305 [INFO] Cycle: 5 active, 0 available, 0 dispatched, 9 today
2026-03-28 14:40:14,346 [INFO] Cycle: 5 active, 0 available, 0 dispatched, 9 today
2026-03-28 14:40:24,411 [INFO] Cycle: 5 active, 0 available, 0 dispatched, 9 today
2026-03-28 14:40:34,449 [INFO] Cycle: 5 active, 0 available, 0 dispatched, 9 today
2026-03-28 14:40:44,488 [INFO] Cycle: 5 active, 0 available, 0 dispatched, 9 today
2026-03-28 14:40:54,528 [INFO] Cycle: 5 active, 0 available, 0 dispatched, 9 today
2026-03-28 14:41:04,568 [INFO] Cycle: 5 active, 0 available, 0 dispatched, 9 today
2026-03-28 14:41:14,608 [INFO] Cycle: 5 active, 0 available, 0 dispatched, 9 today
2026-03-28 14:41:24,646 [INFO] Cycle: 5 active, 0 available, 0 dispatched, 9 today
2026-03-28 14:41:34,687 [INFO] Cycle: 5 active, 0 available, 0 dispatched, 9 today
2026-03-28 14:41:44,728 [INFO] Cycle: 5 active, 0 available, 0 dispatched, 9 today
2026-03-28 14:41:54,770 [INFO] Cycle: 5 active, 0 available, 0 dispatched, 9 today
2026-03-28 14:42:04,810 [INFO] Cycle: 5 active, 0 available, 0 dispatched, 9 today
2026-03-28 14:42:14,849 [INFO] Cycle: 5 active, 0 available, 0 dispatched, 9 today
2026-03-28 14:42:24,888 [INFO] Cycle: 5 active, 0 available, 0 dispatched, 9 today
2026-03-28 14:42:34,926 [INFO] Cycle: 5 active, 0 available, 0 dispatched, 9 today
2026-03-28 14:42:44,967 [INFO] Cycle: 5 active, 0 available, 0 dispatched, 9 today
2026-03-28 14:42:55,009 [INFO] Cycle: 5 active, 0 available, 0 dispatched, 9 today
2026-03-28 14:43:05,047 [INFO] Cycle: 5 active, 0 available, 0 dispatched, 9 today
2026-03-28 14:43:15,088 [INFO] Cycle: 5 active, 0 available, 0 dispatched, 9 today
2026-03-28 14:43:25,126 [INFO] Cycle: 5 active, 0 available, 0 dispatched, 9 today
2026-03-28 14:43:35,165 [INFO] Cycle: 5 active, 0 available, 0 dispatched, 9 today
2026-03-28 14:43:45,215 [INFO] Cycle: 5 active, 0 available, 0 dispatched, 9 today
2026-03-28 14:43:55,256 [INFO] Cycle: 5 active, 0 available, 0 dispatched, 9 today
2026-03-28 14:44:05,294 [INFO] Cycle: 5 active, 0 available, 0 dispatched, 9 today
2026-03-28 14:44:15,338 [INFO] Cycle: 5 active, 0 available, 0 dispatched, 9 today
2026-03-28 14:44:25,377 [INFO] Cycle: 5 active, 0 available, 0 dispatched, 9 today
2026-03-28 14:44:35,434 [INFO] Cycle: 5 active, 0 available, 0 dispatched, 9 today
2026-03-28 14:44:45,474 [INFO] Cycle: 5 active, 0 available, 0 dispatched, 9 today
2026-03-28 14:44:55,514 [INFO] Cycle: 5 active, 0 available, 0 dispatched, 9 today
2026-03-28 14:45:05,556 [INFO] Cycle: 5 active, 0 available, 0 dispatched, 9 today
2026-03-28 14:45:15,601 [INFO] Cycle: 5 active, 0 available, 0 dispatched, 9 today
2026-03-28 14:45:25,644 [INFO] Cycle: 5 active, 0 available, 0 dispatched, 9 today
2026-03-28 14:45:35,685 [INFO] Cycle: 5 active, 0 available, 0 dispatched, 9 today
2026-03-28 14:45:45,725 [INFO] Cycle: 5 active, 0 available, 0 dispatched, 9 today
2026-03-28 14:45:55,765 [INFO] Cycle: 5 active, 0 available, 0 dispatched, 9 today
2026-03-28 14:46:05,806 [INFO] Cycle: 5 active, 0 available, 0 dispatched, 9 today
2026-03-28 14:46:15,847 [INFO] Cycle: 5 active, 0 available, 0 dispatched, 9 today
2026-03-28 14:46:25,890 [INFO] Cycle: 5 active, 0 available, 0 dispatched, 9 today
2026-03-28 14:46:35,933 [INFO] Cycle: 5 active, 0 available, 0 dispatched, 9 today
2026-03-28 14:46:45,974 [INFO] Cycle: 5 active, 0 available, 0 dispatched, 9 today
2026-03-28 14:46:56,015 [INFO] Cycle: 5 active, 0 available, 0 dispatched, 9 today
2026-03-28 14:47:06,077 [INFO] Cycle: 5 active, 0 available, 0 dispatched, 9 today
2026-03-28 14:47:16,119 [INFO] Cycle: 5 active, 0 available, 0 dispatched, 9 today
2026-03-28 14:47:26,157 [INFO] Cycle: 5 active, 0 available, 0 dispatched, 9 today
2026-03-28 14:47:36,197 [INFO] Cycle: 5 active, 0 available, 0 dispatched, 9 today
2026-03-28 14:47:46,236 [INFO] Cycle: 5 active, 0 available, 0 dispatched, 9 today
2026-03-28 14:47:56,275 [INFO] Cycle: 5 active, 0 available, 0 dispatched, 9 today
2026-03-28 14:48:06,322 [INFO] Cycle: 5 active, 0 available, 0 dispatched, 9 today
2026-03-28 14:48:16,365 [INFO] Cycle: 5 active, 0 available, 0 dispatched, 9 today
2026-03-28 14:48:26,406 [INFO] Cycle: 5 active, 0 available, 0 dispatched, 9 today
2026-03-28 14:48:36,459 [INFO] Cycle: 5 active, 0 available, 0 dispatched, 9 today
2026-03-28 14:48:46,499 [INFO] Cycle: 5 active, 0 available, 0 dispatched, 9 today
2026-03-28 14:48:56,554 [INFO] Cycle: 5 active, 0 available, 0 dispatched, 9 today
2026-03-28 14:49:06,594 [INFO] Cycle: 5 active, 0 available, 0 dispatched, 9 today
2026-03-28 14:49:16,634 [INFO] Cycle: 5 active, 0 available, 0 dispatched, 9 today
2026-03-28 14:49:26,672 [INFO] Cycle: 5 active, 0 available, 0 dispatched, 9 today
2026-03-28 14:49:36,712 [INFO] Cycle: 5 active, 0 available, 0 dispatched, 9 today
2026-03-28 14:49:46,753 [INFO] Cycle: 5 active, 0 available, 0 dispatched, 9 today
2026-03-28 14:49:56,802 [INFO] Cycle: 5 active, 0 available, 0 dispatched, 9 today
2026-03-28 14:50:06,843 [INFO] Cycle: 5 active, 0 available, 0 dispatched, 9 today
2026-03-28 14:50:16,890 [INFO] Cycle: 5 active, 0 available, 0 dispatched, 9 today
2026-03-28 14:50:26,932 [INFO] Cycle: 5 active, 0 available, 0 dispatched, 9 today
2026-03-28 14:50:36,970 [INFO] Cycle: 5 active, 0 available, 0 dispatched, 9 today
2026-03-28 14:50:47,011 [INFO] Cycle: 5 active, 0 available, 0 dispatched, 9 today
2026-03-28 14:50:57,051 [INFO] Cycle: 5 active, 0 available, 0 dispatched, 9 today
2026-03-28 14:51:07,093 [INFO] Cycle: 5 active, 0 available, 0 dispatched, 9 today
2026-03-28 14:51:17,134 [INFO] Cycle: 5 active, 0 available, 0 dispatched, 9 today
2026-03-28 14:51:27,172 [INFO] Cycle: 5 active, 0 available, 0 dispatched, 9 today
2026-03-28 14:51:37,214 [INFO] Cycle: 5 active, 0 available, 0 dispatched, 9 today
2026-03-28 14:51:47,255 [INFO] Cycle: 5 active, 0 available, 0 dispatched, 9 today
2026-03-28 14:51:57,299 [INFO] Cycle: 5 active, 0 available, 0 dispatched, 9 today
2026-03-28 14:52:07,340 [INFO] Cycle: 5 active, 0 available, 0 dispatched, 9 today
2026-03-28 14:52:17,381 [INFO] Cycle: 5 active, 0 available, 0 dispatched, 9 today
2026-03-28 14:52:27,424 [INFO] Cycle: 5 active, 0 available, 0 dispatched, 9 today
2026-03-28 14:52:37,463 [INFO] Cycle: 5 active, 0 available, 0 dispatched, 9 today
2026-03-28 14:52:47,503 [INFO] Cycle: 5 active, 0 available, 0 dispatched, 9 today
2026-03-28 14:52:57,543 [INFO] Cycle: 5 active, 0 available, 0 dispatched, 9 today
2026-03-28 14:53:07,583 [INFO] Cycle: 5 active, 0 available, 0 dispatched, 9 today
2026-03-28 14:53:17,625 [INFO] Cycle: 5 active, 0 available, 0 dispatched, 9 today
2026-03-28 14:53:27,666 [INFO] Cycle: 5 active, 0 available, 0 dispatched, 9 today
2026-03-28 14:53:37,709 [INFO] Cycle: 5 active, 0 available, 0 dispatched, 9 today
2026-03-28 14:53:47,729 [INFO] Support check: remaining=1, dispatched=0
2026-03-28 14:53:47,747 [INFO] DISPATCH [improve] task=support-improve (session #10 today)
2026-03-28 14:53:47,770 [INFO] Cycle: 5 active, 0 available, 1 dispatched, 10 today
2026-03-28 14:53:57,811 [INFO] Cycle: 5 active, 0 available, 0 dispatched, 10 today
2026-03-28 14:54:07,852 [INFO] Cycle: 5 active, 0 available, 0 dispatched, 10 today
2026-03-28 14:54:17,906 [INFO] Cycle: 5 active, 0 available, 0 dispatched, 10 today
2026-03-28 14:54:27,948 [INFO] Cycle: 5 active, 0 available, 0 dispatched, 10 today
2026-03-28 14:54:37,989 [INFO] Cycle: 5 active, 0 available, 0 dispatched, 10 today
2026-03-28 14:54:48,029 [INFO] Cycle: 5 active, 0 available, 0 dispatched, 10 today
2026-03-28 14:54:58,070 [INFO] Cycle: 5 active, 0 available, 0 dispatched, 10 today
2026-03-28 14:55:08,117 [INFO] Cycle: 5 active, 0 available, 0 dispatched, 10 today
2026-03-28 14:55:18,158 [INFO] Cycle: 5 active, 0 available, 0 dispatched, 10 today
2026-03-28 14:55:28,205 [INFO] Cycle: 5 active, 0 available, 0 dispatched, 10 today
2026-03-28 14:55:38,247 [INFO] Cycle: 5 active, 0 available, 0 dispatched, 10 today
2026-03-28 14:55:48,287 [INFO] Cycle: 5 active, 0 available, 0 dispatched, 10 today
2026-03-28 14:55:58,344 [INFO] Cycle: 5 active, 0 available, 0 dispatched, 10 today
2026-03-28 14:56:08,364 [INFO] Support check: remaining=1, dispatched=0
2026-03-28 14:56:08,399 [INFO] DISPATCH [operate] task=support-operate (session #11 today)
2026-03-28 14:56:08,471 [INFO] Cycle: 6 active, -1 available, 1 dispatched, 11 today
2026-03-28 14:56:18,511 [INFO] Cycle: 5 active, 0 available, 0 dispatched, 11 today
2026-03-28 14:56:28,552 [INFO] Cycle: 5 active, 0 available, 0 dispatched, 11 today
2026-03-28 14:56:38,594 [INFO] Cycle: 5 active, 0 available, 0 dispatched, 11 today
2026-03-28 14:56:48,651 [INFO] Cycle: 5 active, 0 available, 0 dispatched, 11 today
2026-03-28 14:56:58,653 [INFO] CRITIQUE APPROVED for lever-bug-2. Ready for BUILD.
2026-03-28 14:56:58,654 [INFO] KANBAN: 'LEVER-BUG-2: [CRITICAL] $304K unaccounte...' moved to PLANNED
2026-03-28 14:56:58,675 [INFO] DISPATCH [critique] task=lever-bug-1 (session #12 today)
2026-03-28 14:56:58,675 [INFO] Support check: remaining=0, dispatched=1
2026-03-28 14:56:58,696 [INFO] Cycle: 5 active, 0 available, 1 dispatched, 12 today
2026-03-28 14:57:08,717 [INFO] DISPATCH [build] task=lever-bug-2 (session #13 today)
2026-03-28 14:57:08,718 [INFO] KANBAN: 'LEVER-BUG-2: [CRITICAL] $304K unaccounte...' moved to IN PROGRESS
2026-03-28 14:57:08,718 [INFO] Support check: remaining=0, dispatched=1
2026-03-28 14:57:08,736 [INFO] Cycle: 5 active, 0 available, 1 dispatched, 13 today
2026-03-28 14:57:18,777 [INFO] Cycle: 5 active, 0 available, 0 dispatched, 13 today
2026-03-28 14:57:28,817 [INFO] Cycle: 5 active, 0 available, 0 dispatched, 13 today
2026-03-28 14:57:38,858 [INFO] Cycle: 5 active, 0 available, 0 dispatched, 13 today
2026-03-28 14:57:48,898 [INFO] Cycle: 5 active, 0 available, 0 dispatched, 13 today
2026-03-28 14:57:58,940 [INFO] Cycle: 5 active, 0 available, 0 dispatched, 13 today
2026-03-28 14:58:08,981 [INFO] Cycle: 5 active, 0 available, 0 dispatched, 13 today
2026-03-28 14:58:19,032 [INFO] Cycle: 5 active, 0 available, 0 dispatched, 13 today
2026-03-28 14:58:29,073 [INFO] Cycle: 5 active, 0 available, 0 dispatched, 13 today
2026-03-28 14:58:39,117 [INFO] Cycle: 5 active, 0 available, 0 dispatched, 13 today
2026-03-28 14:58:49,155 [INFO] Cycle: 5 active, 0 available, 0 dispatched, 13 today
2026-03-28 14:58:59,195 [INFO] Cycle: 5 active, 0 available, 0 dispatched, 13 today
2026-03-28 14:59:09,239 [INFO] Cycle: 5 active, 0 available, 0 dispatched, 13 today
2026-03-28 14:59:19,278 [INFO] Cycle: 5 active, 0 available, 0 dispatched, 13 today
2026-03-28 14:59:29,322 [INFO] Cycle: 5 active, 0 available, 0 dispatched, 13 today
2026-03-28 14:59:39,370 [INFO] Cycle: 5 active, 0 available, 0 dispatched, 13 today
2026-03-28 14:59:49,410 [INFO] Cycle: 5 active, 0 available, 0 dispatched, 13 today
2026-03-28 14:59:59,450 [INFO] Cycle: 5 active, 0 available, 0 dispatched, 13 today
2026-03-28 15:00:09,490 [INFO] Cycle: 5 active, 0 available, 0 dispatched, 13 today
2026-03-28 15:00:19,532 [INFO] Cycle: 5 active, 0 available, 0 dispatched, 13 today
2026-03-28 15:00:29,573 [INFO] Cycle: 5 active, 0 available, 0 dispatched, 13 today
2026-03-28 15:00:39,619 [INFO] Cycle: 5 active, 0 available, 0 dispatched, 13 today
2026-03-28 15:00:49,661 [INFO] Cycle: 5 active, 0 available, 0 dispatched, 13 today
2026-03-28 15:00:59,703 [INFO] Cycle: 5 active, 0 available, 0 dispatched, 13 today
2026-03-28 15:01:09,743 [INFO] Cycle: 5 active, 0 available, 0 dispatched, 13 today
2026-03-28 15:01:19,785 [INFO] Cycle: 5 active, 0 available, 0 dispatched, 13 today
2026-03-28 15:01:29,829 [INFO] Cycle: 5 active, 0 available, 0 dispatched, 13 today
2026-03-28 15:01:39,867 [INFO] Cycle: 5 active, 0 available, 0 dispatched, 13 today
2026-03-28 15:01:49,906 [INFO] Cycle: 5 active, 0 available, 0 dispatched, 13 today
2026-03-28 15:01:59,967 [INFO] Cycle: 5 active, 0 available, 0 dispatched, 13 today
2026-03-28 15:02:10,007 [INFO] Cycle: 5 active, 0 available, 0 dispatched, 13 today
2026-03-28 15:02:20,046 [INFO] Cycle: 5 active, 0 available, 0 dispatched, 13 today
2026-03-28 15:02:30,095 [INFO] Cycle: 5 active, 0 available, 0 dispatched, 13 today
2026-03-28 15:02:40,136 [INFO] Cycle: 5 active, 0 available, 0 dispatched, 13 today
2026-03-28 15:02:50,179 [INFO] Cycle: 5 active, 0 available, 0 dispatched, 13 today
2026-03-28 15:03:00,219 [INFO] Cycle: 5 active, 0 available, 0 dispatched, 13 today
2026-03-28 15:03:10,257 [INFO] Cycle: 5 active, 0 available, 0 dispatched, 13 today
2026-03-28 15:03:20,297 [INFO] Cycle: 5 active, 0 available, 0 dispatched, 13 today
2026-03-28 15:03:30,336 [INFO] Cycle: 5 active, 0 available, 0 dispatched, 13 today
2026-03-28 15:03:40,379 [INFO] Cycle: 5 active, 0 available, 0 dispatched, 13 today
2026-03-28 15:03:50,418 [INFO] Cycle: 5 active, 0 available, 0 dispatched, 13 today
2026-03-28 15:04:00,463 [INFO] Cycle: 5 active, 0 available, 0 dispatched, 13 today
2026-03-28 15:04:10,503 [INFO] Cycle: 5 active, 0 available, 0 dispatched, 13 today
2026-03-28 15:04:20,544 [INFO] Cycle: 5 active, 0 available, 0 dispatched, 13 today
2026-03-28 15:04:30,584 [INFO] Cycle: 5 active, 0 available, 0 dispatched, 13 today
2026-03-28 15:04:40,623 [INFO] Cycle: 5 active, 0 available, 0 dispatched, 13 today
2026-03-28 15:04:50,664 [INFO] Cycle: 5 active, 0 available, 0 dispatched, 13 today
2026-03-28 15:05:00,705 [INFO] Cycle: 5 active, 0 available, 0 dispatched, 13 today
2026-03-28 15:05:10,755 [INFO] Cycle: 5 active, 0 available, 0 dispatched, 13 today
2026-03-28 15:05:20,795 [INFO] Cycle: 5 active, 0 available, 0 dispatched, 13 today
2026-03-28 15:05:30,870 [INFO] Cycle: 5 active, 0 available, 0 dispatched, 13 today
2026-03-28 15:05:40,910 [INFO] Cycle: 5 active, 0 available, 0 dispatched, 13 today
2026-03-28 15:05:50,949 [INFO] Cycle: 5 active, 0 available, 0 dispatched, 13 today
2026-03-28 15:06:00,989 [INFO] Cycle: 5 active, 0 available, 0 dispatched, 13 today
2026-03-28 15:06:11,028 [INFO] Cycle: 5 active, 0 available, 0 dispatched, 13 today
2026-03-28 15:06:21,067 [INFO] Cycle: 5 active, 0 available, 0 dispatched, 13 today
2026-03-28 15:06:31,106 [INFO] Cycle: 5 active, 0 available, 0 dispatched, 13 today
2026-03-28 15:06:41,145 [INFO] Cycle: 5 active, 0 available, 0 dispatched, 13 today
2026-03-28 15:06:51,183 [INFO] Cycle: 5 active, 0 available, 0 dispatched, 13 today
2026-03-28 15:07:01,223 [INFO] Cycle: 5 active, 0 available, 0 dispatched, 13 today
2026-03-28 15:07:11,263 [INFO] Cycle: 5 active, 0 available, 0 dispatched, 13 today
2026-03-28 15:07:21,301 [INFO] Cycle: 5 active, 0 available, 0 dispatched, 13 today
2026-03-28 15:07:31,339 [INFO] Cycle: 5 active, 0 available, 0 dispatched, 13 today
2026-03-28 15:07:41,375 [INFO] Cycle: 5 active, 0 available, 0 dispatched, 13 today
2026-03-28 15:07:51,415 [INFO] Cycle: 5 active, 0 available, 0 dispatched, 13 today
2026-03-28 15:08:01,457 [INFO] Cycle: 5 active, 0 available, 0 dispatched, 13 today
2026-03-28 15:08:11,503 [INFO] Cycle: 5 active, 0 available, 0 dispatched, 13 today
2026-03-28 15:08:21,542 [INFO] Cycle: 5 active, 0 available, 0 dispatched, 13 today
2026-03-28 15:08:31,563 [INFO] Support check: remaining=1, dispatched=0
2026-03-28 15:08:31,618 [INFO] DISPATCH [research] task=support-research (session #14 today)
2026-03-28 15:08:31,640 [INFO] Cycle: 5 active, 0 available, 1 dispatched, 14 today
2026-03-28 15:08:41,643 [INFO] PLAN complete for lever-bug-5. Moving to critique.
2026-03-28 15:08:41,693 [INFO] Cycle: 5 active, 0 available, 0 dispatched, 14 today
2026-03-28 15:08:51,734 [INFO] Cycle: 5 active, 0 available, 0 dispatched, 14 today
2026-03-28 15:09:01,774 [INFO] Cycle: 5 active, 0 available, 0 dispatched, 14 today
2026-03-28 15:09:11,820 [INFO] Cycle: 5 active, 0 available, 0 dispatched, 14 today
2026-03-28 15:09:21,860 [INFO] Cycle: 5 active, 0 available, 0 dispatched, 14 today
2026-03-28 15:09:31,910 [INFO] Cycle: 5 active, 0 available, 0 dispatched, 14 today
2026-03-28 15:09:41,951 [INFO] Cycle: 5 active, 0 available, 0 dispatched, 14 today
2026-03-28 15:09:52,057 [INFO] Cycle: 5 active, 0 available, 0 dispatched, 14 today
2026-03-28 15:10:02,099 [INFO] Cycle: 5 active, 0 available, 0 dispatched, 14 today
2026-03-28 15:10:12,147 [INFO] Cycle: 5 active, 0 available, 0 dispatched, 14 today
2026-03-28 15:10:22,193 [INFO] Cycle: 5 active, 0 available, 0 dispatched, 14 today
2026-03-28 15:10:32,238 [INFO] Cycle: 5 active, 0 available, 0 dispatched, 14 today
2026-03-28 15:10:42,283 [INFO] Cycle: 5 active, 0 available, 0 dispatched, 14 today
2026-03-28 15:10:52,328 [INFO] Cycle: 5 active, 0 available, 0 dispatched, 14 today
2026-03-28 15:11:02,372 [INFO] Cycle: 5 active, 0 available, 0 dispatched, 14 today
2026-03-28 15:11:12,419 [INFO] Cycle: 5 active, 0 available, 0 dispatched, 14 today
2026-03-28 15:11:22,461 [INFO] Cycle: 5 active, 0 available, 0 dispatched, 14 today
2026-03-28 15:11:32,521 [INFO] Cycle: 5 active, 0 available, 0 dispatched, 14 today
2026-03-28 15:11:42,573 [INFO] Cycle: 5 active, 0 available, 0 dispatched, 14 today
2026-03-28 15:11:52,613 [INFO] Cycle: 5 active, 0 available, 0 dispatched, 14 today
2026-03-28 15:12:02,656 [INFO] Cycle: 5 active, 0 available, 0 dispatched, 14 today
2026-03-28 15:12:12,699 [INFO] Cycle: 5 active, 0 available, 0 dispatched, 14 today
2026-03-28 15:12:22,752 [INFO] Cycle: 5 active, 0 available, 0 dispatched, 14 today
2026-03-28 15:12:32,802 [INFO] Cycle: 5 active, 0 available, 0 dispatched, 14 today
2026-03-28 15:12:42,844 [INFO] Cycle: 5 active, 0 available, 0 dispatched, 14 today
2026-03-28 15:12:52,895 [INFO] Cycle: 5 active, 0 available, 0 dispatched, 14 today
2026-03-28 15:13:02,950 [INFO] Cycle: 5 active, 0 available, 0 dispatched, 14 today
2026-03-28 15:13:13,016 [INFO] Cycle: 5 active, 0 available, 0 dispatched, 14 today
2026-03-28 15:13:23,061 [INFO] Cycle: 5 active, 0 available, 0 dispatched, 14 today
2026-03-28 15:13:33,107 [INFO] Cycle: 5 active, 0 available, 0 dispatched, 14 today
2026-03-28 15:13:43,152 [INFO] Cycle: 5 active, 0 available, 0 dispatched, 14 today
2026-03-28 15:13:53,193 [INFO] Cycle: 5 active, 0 available, 0 dispatched, 14 today
2026-03-28 15:14:03,225 [INFO] DISPATCH [plan] task=vigil-mission-control (session #15 today)
2026-03-28 15:14:03,228 [INFO] Support check: remaining=0, dispatched=1
2026-03-28 15:14:03,266 [INFO] Cycle: 5 active, 0 available, 1 dispatched, 15 today
2026-03-28 15:14:13,315 [INFO] Cycle: 5 active, 0 available, 0 dispatched, 15 today
2026-03-28 15:14:23,364 [INFO] Cycle: 5 active, 0 available, 0 dispatched, 15 today
2026-03-28 15:14:33,388 [INFO] Support check: remaining=1, dispatched=0
2026-03-28 15:14:33,415 [INFO] DISPATCH [improve] task=support-improve (session #16 today)
2026-03-28 15:14:33,439 [INFO] Cycle: 5 active, 0 available, 1 dispatched, 16 today
2026-03-28 15:14:43,486 [INFO] Cycle: 5 active, 0 available, 0 dispatched, 16 today
2026-03-28 15:14:53,535 [INFO] Cycle: 5 active, 0 available, 0 dispatched, 16 today
2026-03-28 15:15:03,579 [INFO] Cycle: 5 active, 0 available, 0 dispatched, 16 today
2026-03-28 15:15:13,623 [INFO] Cycle: 5 active, 0 available, 0 dispatched, 16 today
2026-03-28 15:15:23,668 [INFO] Cycle: 5 active, 0 available, 0 dispatched, 16 today
2026-03-28 15:15:33,711 [INFO] Cycle: 5 active, 0 available, 0 dispatched, 16 today
2026-03-28 15:15:43,757 [INFO] Cycle: 5 active, 0 available, 0 dispatched, 16 today
2026-03-28 15:15:53,802 [INFO] Cycle: 5 active, 0 available, 0 dispatched, 16 today
2026-03-28 15:16:03,844 [INFO] Cycle: 5 active, 0 available, 0 dispatched, 16 today
2026-03-28 15:16:13,886 [INFO] Cycle: 5 active, 0 available, 0 dispatched, 16 today
2026-03-28 15:16:23,929 [INFO] Cycle: 5 active, 0 available, 0 dispatched, 16 today
2026-03-28 15:16:33,999 [INFO] Cycle: 5 active, 0 available, 0 dispatched, 16 today
2026-03-28 15:16:44,042 [INFO] Cycle: 5 active, 0 available, 0 dispatched, 16 today
2026-03-28 15:16:54,082 [INFO] Cycle: 5 active, 0 available, 0 dispatched, 16 today
2026-03-28 15:17:04,131 [INFO] Cycle: 5 active, 0 available, 0 dispatched, 16 today
2026-03-28 15:17:14,171 [INFO] Cycle: 5 active, 0 available, 0 dispatched, 16 today
2026-03-28 15:17:24,216 [INFO] Cycle: 5 active, 0 available, 0 dispatched, 16 today
2026-03-28 15:17:34,257 [INFO] Cycle: 5 active, 0 available, 0 dispatched, 16 today
2026-03-28 15:17:44,298 [INFO] Cycle: 5 active, 0 available, 0 dispatched, 16 today
2026-03-28 15:17:54,339 [INFO] Cycle: 5 active, 0 available, 0 dispatched, 16 today
2026-03-28 15:18:04,383 [INFO] Cycle: 5 active, 0 available, 0 dispatched, 16 today
2026-03-28 15:18:14,427 [INFO] Cycle: 5 active, 0 available, 0 dispatched, 16 today
2026-03-28 15:18:24,470 [INFO] Cycle: 5 active, 0 available, 0 dispatched, 16 today
2026-03-28 15:18:34,493 [INFO] Support check: remaining=1, dispatched=0
2026-03-28 15:18:34,531 [INFO] DISPATCH [operate] task=support-operate (session #17 today)
2026-03-28 15:18:34,554 [INFO] Cycle: 5 active, 0 available, 1 dispatched, 17 today
2026-03-28 15:18:44,556 [INFO] CRITIQUE wants REVISE for lever-bug-1. Re-planning.
2026-03-28 15:18:44,596 [INFO] Cycle: 5 active, 0 available, 0 dispatched, 17 today
2026-03-28 15:18:54,638 [INFO] Cycle: 5 active, 0 available, 0 dispatched, 17 today
2026-03-28 15:19:04,681 [INFO] Cycle: 5 active, 0 available, 0 dispatched, 17 today
2026-03-28 15:19:14,722 [INFO] Cycle: 5 active, 0 available, 0 dispatched, 17 today
2026-03-28 15:19:24,766 [INFO] Cycle: 5 active, 0 available, 0 dispatched, 17 today
2026-03-28 15:19:34,807 [INFO] Cycle: 5 active, 0 available, 0 dispatched, 17 today
2026-03-28 15:19:44,849 [INFO] Cycle: 5 active, 0 available, 0 dispatched, 17 today
2026-03-28 15:19:54,897 [INFO] Cycle: 5 active, 0 available, 0 dispatched, 17 today
2026-03-28 15:20:04,942 [INFO] Cycle: 5 active, 0 available, 0 dispatched, 17 today
2026-03-28 15:20:14,983 [INFO] Cycle: 5 active, 0 available, 0 dispatched, 17 today
2026-03-28 15:20:25,027 [INFO] Cycle: 5 active, 0 available, 0 dispatched, 17 today
2026-03-28 15:20:35,070 [INFO] Cycle: 5 active, 0 available, 0 dispatched, 17 today
2026-03-28 15:20:45,119 [INFO] Cycle: 5 active, 0 available, 0 dispatched, 17 today
2026-03-28 15:20:55,165 [INFO] Cycle: 5 active, 0 available, 0 dispatched, 17 today
2026-03-28 15:21:05,206 [INFO] Cycle: 5 active, 0 available, 0 dispatched, 17 today
2026-03-28 15:21:15,250 [INFO] Cycle: 5 active, 0 available, 0 dispatched, 17 today
2026-03-28 15:21:25,291 [INFO] Cycle: 5 active, 0 available, 0 dispatched, 17 today
2026-03-28 15:21:35,339 [INFO] Cycle: 5 active, 0 available, 0 dispatched, 17 today
2026-03-28 15:21:45,383 [INFO] Cycle: 5 active, 0 available, 0 dispatched, 17 today
2026-03-28 15:21:55,428 [INFO] Cycle: 5 active, 0 available, 0 dispatched, 17 today
2026-03-28 15:22:05,467 [INFO] Cycle: 5 active, 0 available, 0 dispatched, 17 today
2026-03-28 15:22:15,514 [INFO] Cycle: 5 active, 0 available, 0 dispatched, 17 today
2026-03-28 15:22:25,563 [INFO] Cycle: 5 active, 0 available, 0 dispatched, 17 today
2026-03-28 15:22:35,605 [INFO] Cycle: 5 active, 0 available, 0 dispatched, 17 today
2026-03-28 15:22:45,657 [INFO] Cycle: 5 active, 0 available, 0 dispatched, 17 today
2026-03-28 15:22:55,704 [INFO] Cycle: 5 active, 0 available, 0 dispatched, 17 today
2026-03-28 15:23:05,749 [INFO] Cycle: 5 active, 0 available, 0 dispatched, 17 today
2026-03-28 15:23:15,797 [INFO] Cycle: 5 active, 0 available, 0 dispatched, 17 today
2026-03-28 15:23:25,837 [INFO] Cycle: 5 active, 0 available, 0 dispatched, 17 today
2026-03-28 15:23:35,881 [INFO] Cycle: 5 active, 0 available, 0 dispatched, 17 today
2026-03-28 15:23:45,926 [INFO] Cycle: 5 active, 0 available, 0 dispatched, 17 today
2026-03-28 15:23:55,983 [INFO] Cycle: 5 active, 0 available, 0 dispatched, 17 today
2026-03-28 15:24:06,026 [INFO] Cycle: 5 active, 0 available, 0 dispatched, 17 today
2026-03-28 15:24:16,099 [INFO] Cycle: 5 active, 0 available, 0 dispatched, 17 today
2026-03-28 15:24:26,141 [INFO] Cycle: 5 active, 0 available, 0 dispatched, 17 today
2026-03-28 15:24:36,182 [INFO] Cycle: 5 active, 0 available, 0 dispatched, 17 today
2026-03-28 15:24:46,229 [INFO] Cycle: 5 active, 0 available, 0 dispatched, 17 today
2026-03-28 15:24:56,272 [INFO] Cycle: 5 active, 0 available, 0 dispatched, 17 today
2026-03-28 15:25:06,328 [INFO] Cycle: 5 active, 0 available, 0 dispatched, 17 today
2026-03-28 15:25:16,373 [INFO] Cycle: 5 active, 0 available, 0 dispatched, 17 today
2026-03-28 15:25:26,415 [INFO] Cycle: 5 active, 0 available, 0 dispatched, 17 today
2026-03-28 15:25:36,461 [INFO] Cycle: 5 active, 0 available, 0 dispatched, 17 today
2026-03-28 15:25:46,501 [INFO] Cycle: 5 active, 0 available, 0 dispatched, 17 today
2026-03-28 15:25:56,557 [INFO] Cycle: 5 active, 0 available, 0 dispatched, 17 today
2026-03-28 15:26:06,598 [INFO] Cycle: 5 active, 0 available, 0 dispatched, 17 today
2026-03-28 15:26:16,642 [INFO] Cycle: 5 active, 0 available, 0 dispatched, 17 today
2026-03-28 15:26:26,693 [INFO] Cycle: 5 active, 0 available, 0 dispatched, 17 today
2026-03-28 15:26:36,740 [INFO] Cycle: 5 active, 0 available, 0 dispatched, 17 today
2026-03-28 15:26:46,811 [INFO] Cycle: 5 active, 0 available, 0 dispatched, 17 today
2026-03-28 15:26:56,857 [INFO] Cycle: 5 active, 0 available, 0 dispatched, 17 today
2026-03-28 15:27:06,904 [INFO] Cycle: 5 active, 0 available, 0 dispatched, 17 today
2026-03-28 15:27:16,989 [INFO] Cycle: 5 active, 0 available, 0 dispatched, 17 today
2026-03-28 15:27:27,043 [INFO] Cycle: 5 active, 0 available, 0 dispatched, 17 today
2026-03-28 15:27:37,088 [INFO] Cycle: 5 active, 0 available, 0 dispatched, 17 today
2026-03-28 15:27:47,143 [INFO] Cycle: 5 active, 0 available, 0 dispatched, 17 today
2026-03-28 15:27:57,184 [INFO] Cycle: 5 active, 0 available, 0 dispatched, 17 today
2026-03-28 15:28:07,226 [INFO] Cycle: 5 active, 0 available, 0 dispatched, 17 today
2026-03-28 15:28:17,249 [INFO] DISPATCH [critique] task=lever-bug-1 (session #18 today)
2026-03-28 15:28:17,249 [INFO] Support check: remaining=0, dispatched=1
2026-03-28 15:28:17,274 [INFO] Cycle: 5 active, 0 available, 1 dispatched, 18 today
2026-03-28 15:28:27,277 [INFO] BUILD complete for lever-bug-2. Moving to VERIFY.
2026-03-28 15:28:27,277 [INFO] KANBAN: 'LEVER-BUG-2: [CRITICAL] $304K unaccounte...' moved to IN REVIEW
2026-03-28 15:28:27,324 [INFO] Cycle: 5 active, 0 available, 0 dispatched, 18 today
2026-03-28 15:28:37,367 [INFO] Cycle: 5 active, 0 available, 0 dispatched, 18 today
2026-03-28 15:28:47,409 [INFO] Cycle: 5 active, 0 available, 0 dispatched, 18 today
2026-03-28 15:28:57,454 [INFO] Cycle: 5 active, 0 available, 0 dispatched, 18 today
2026-03-28 15:29:07,496 [INFO] Cycle: 5 active, 0 available, 0 dispatched, 18 today
2026-03-28 15:29:17,546 [INFO] Cycle: 5 active, 0 available, 0 dispatched, 18 today
2026-03-28 15:29:27,588 [INFO] Cycle: 5 active, 0 available, 0 dispatched, 18 today
2026-03-28 15:29:37,629 [INFO] Cycle: 5 active, 0 available, 0 dispatched, 18 today
2026-03-28 15:29:47,681 [INFO] Cycle: 5 active, 0 available, 0 dispatched, 18 today
2026-03-28 15:29:57,724 [INFO] Cycle: 5 active, 0 available, 0 dispatched, 18 today
2026-03-28 15:30:07,777 [INFO] Cycle: 5 active, 0 available, 0 dispatched, 18 today
2026-03-28 15:30:17,823 [INFO] Cycle: 5 active, 0 available, 0 dispatched, 18 today
2026-03-28 15:30:27,872 [INFO] Cycle: 5 active, 0 available, 0 dispatched, 18 today
2026-03-28 15:30:37,918 [INFO] Cycle: 5 active, 0 available, 0 dispatched, 18 today
2026-03-28 15:30:47,972 [INFO] Cycle: 5 active, 0 available, 0 dispatched, 18 today
2026-03-28 15:30:58,026 [INFO] Cycle: 5 active, 0 available, 0 dispatched, 18 today
2026-03-28 15:31:08,071 [INFO] Cycle: 5 active, 0 available, 0 dispatched, 18 today
2026-03-28 15:31:18,112 [INFO] Cycle: 5 active, 0 available, 0 dispatched, 18 today
2026-03-28 15:31:28,175 [INFO] Cycle: 5 active, 0 available, 0 dispatched, 18 today
2026-03-28 15:31:38,213 [INFO] Cycle: 5 active, 0 available, 0 dispatched, 18 today
2026-03-28 15:31:48,259 [INFO] Cycle: 5 active, 0 available, 0 dispatched, 18 today
2026-03-28 15:31:58,307 [INFO] Cycle: 5 active, 0 available, 0 dispatched, 18 today
2026-03-28 15:32:08,357 [INFO] Cycle: 5 active, 0 available, 0 dispatched, 18 today
2026-03-28 15:32:18,401 [INFO] Cycle: 5 active, 0 available, 0 dispatched, 18 today
2026-03-28 15:32:28,448 [INFO] Cycle: 5 active, 0 available, 0 dispatched, 18 today
2026-03-28 15:32:38,507 [INFO] Cycle: 5 active, 0 available, 0 dispatched, 18 today
2026-03-28 15:32:48,549 [INFO] Cycle: 5 active, 0 available, 0 dispatched, 18 today
2026-03-28 15:32:58,593 [INFO] Cycle: 5 active, 0 available, 0 dispatched, 18 today
2026-03-28 15:33:08,633 [INFO] Cycle: 5 active, 0 available, 0 dispatched, 18 today
2026-03-28 15:33:18,678 [INFO] Cycle: 5 active, 0 available, 0 dispatched, 18 today
2026-03-28 15:33:28,726 [INFO] Cycle: 5 active, 0 available, 0 dispatched, 18 today
2026-03-28 15:33:38,769 [INFO] Cycle: 5 active, 0 available, 0 dispatched, 18 today
2026-03-28 15:33:48,820 [INFO] Cycle: 5 active, 0 available, 0 dispatched, 18 today
2026-03-28 15:33:58,861 [INFO] Cycle: 5 active, 0 available, 0 dispatched, 18 today
2026-03-28 15:34:08,903 [INFO] Cycle: 5 active, 0 available, 0 dispatched, 18 today
2026-03-28 15:34:18,951 [INFO] Cycle: 5 active, 0 available, 0 dispatched, 18 today
2026-03-28 15:34:28,993 [INFO] Cycle: 5 active, 0 available, 0 dispatched, 18 today
2026-03-28 15:34:39,037 [INFO] Cycle: 5 active, 0 available, 0 dispatched, 18 today
2026-03-28 15:34:49,088 [INFO] Cycle: 5 active, 0 available, 0 dispatched, 18 today
2026-03-28 15:34:59,129 [INFO] Cycle: 5 active, 0 available, 0 dispatched, 18 today
2026-03-28 15:35:09,176 [INFO] Cycle: 5 active, 0 available, 0 dispatched, 18 today
2026-03-28 15:35:19,245 [INFO] Cycle: 5 active, 0 available, 0 dispatched, 18 today
2026-03-28 15:35:29,286 [INFO] Cycle: 5 active, 0 available, 0 dispatched, 18 today
2026-03-28 15:35:39,330 [INFO] Cycle: 5 active, 0 available, 0 dispatched, 18 today
2026-03-28 15:35:49,370 [INFO] Cycle: 5 active, 0 available, 0 dispatched, 18 today
2026-03-28 15:35:59,413 [INFO] Cycle: 5 active, 0 available, 0 dispatched, 18 today
2026-03-28 15:36:09,461 [INFO] Cycle: 5 active, 0 available, 0 dispatched, 18 today
2026-03-28 15:36:19,505 [INFO] Cycle: 5 active, 0 available, 0 dispatched, 18 today
2026-03-28 15:36:29,562 [INFO] Cycle: 5 active, 0 available, 0 dispatched, 18 today
2026-03-28 15:36:39,602 [INFO] Cycle: 5 active, 0 available, 0 dispatched, 18 today
2026-03-28 15:36:49,646 [INFO] Cycle: 5 active, 0 available, 0 dispatched, 18 today
2026-03-28 15:36:59,701 [INFO] Cycle: 5 active, 0 available, 0 dispatched, 18 today
2026-03-28 15:37:09,741 [INFO] Cycle: 5 active, 0 available, 0 dispatched, 18 today
2026-03-28 15:37:19,784 [INFO] Cycle: 5 active, 0 available, 0 dispatched, 18 today
2026-03-28 15:37:29,829 [INFO] Cycle: 5 active, 0 available, 0 dispatched, 18 today
2026-03-28 15:37:39,876 [INFO] Cycle: 5 active, 0 available, 0 dispatched, 18 today
2026-03-28 15:37:49,904 [INFO] DISPATCH [verify] task=lever-bug-2 (session #19 today)
2026-03-28 15:37:49,907 [INFO] Support check: remaining=0, dispatched=1
2026-03-28 15:37:49,937 [INFO] Cycle: 5 active, 0 available, 1 dispatched, 19 today
2026-03-28 15:37:59,980 [INFO] Cycle: 5 active, 0 available, 0 dispatched, 19 today
2026-03-28 15:38:10,019 [INFO] Cycle: 5 active, 0 available, 0 dispatched, 19 today
2026-03-28 15:38:20,061 [INFO] Cycle: 5 active, 0 available, 0 dispatched, 19 today
2026-03-28 15:38:30,103 [INFO] Cycle: 5 active, 0 available, 0 dispatched, 19 today
2026-03-28 15:38:40,149 [INFO] Cycle: 5 active, 0 available, 0 dispatched, 19 today
2026-03-28 15:38:50,193 [INFO] Cycle: 5 active, 0 available, 0 dispatched, 19 today
2026-03-28 15:39:00,242 [INFO] Cycle: 5 active, 0 available, 0 dispatched, 19 today
2026-03-28 15:39:10,284 [INFO] Cycle: 5 active, 0 available, 0 dispatched, 19 today
2026-03-28 15:39:20,328 [INFO] Cycle: 5 active, 0 available, 0 dispatched, 19 today
2026-03-28 15:39:30,385 [INFO] Cycle: 5 active, 0 available, 0 dispatched, 19 today
2026-03-28 15:39:40,432 [INFO] Cycle: 5 active, 0 available, 0 dispatched, 19 today
2026-03-28 15:39:50,474 [INFO] Cycle: 5 active, 0 available, 0 dispatched, 19 today
2026-03-28 15:40:00,522 [INFO] Cycle: 5 active, 0 available, 0 dispatched, 19 today
2026-03-28 15:40:10,570 [INFO] Cycle: 5 active, 0 available, 0 dispatched, 19 today
2026-03-28 15:40:20,623 [INFO] Cycle: 5 active, 0 available, 0 dispatched, 19 today
2026-03-28 15:40:30,671 [INFO] Cycle: 5 active, 0 available, 0 dispatched, 19 today
2026-03-28 15:40:40,758 [INFO] Cycle: 5 active, 0 available, 0 dispatched, 19 today
2026-03-28 15:40:50,811 [INFO] Cycle: 5 active, 0 available, 0 dispatched, 19 today
2026-03-28 15:41:00,858 [INFO] Cycle: 5 active, 0 available, 0 dispatched, 19 today
2026-03-28 15:41:10,904 [INFO] Cycle: 5 active, 0 available, 0 dispatched, 19 today
2026-03-28 15:41:20,947 [INFO] Cycle: 5 active, 0 available, 0 dispatched, 19 today
2026-03-28 15:41:30,988 [INFO] Cycle: 5 active, 0 available, 0 dispatched, 19 today
2026-03-28 15:41:41,036 [INFO] Cycle: 5 active, 0 available, 0 dispatched, 19 today
2026-03-28 15:41:51,084 [INFO] Cycle: 5 active, 0 available, 0 dispatched, 19 today
2026-03-28 15:42:01,144 [INFO] Cycle: 5 active, 0 available, 0 dispatched, 19 today
2026-03-28 15:42:11,170 [INFO] Support check: remaining=1, dispatched=0
2026-03-28 15:42:11,229 [INFO] DISPATCH [research] task=support-research (session #20 today)
2026-03-28 15:42:11,248 [INFO] Cycle: 5 active, 0 available, 1 dispatched, 20 today
2026-03-28 15:42:21,252 [INFO] PLAN complete for vigil-mission-control. Moving to critique.
2026-03-28 15:42:21,293 [INFO] Cycle: 5 active, 0 available, 0 dispatched, 20 today
2026-03-28 15:42:31,360 [INFO] Cycle: 5 active, 0 available, 0 dispatched, 20 today
2026-03-28 15:42:41,406 [INFO] Cycle: 5 active, 0 available, 0 dispatched, 20 today
2026-03-28 15:42:51,454 [INFO] Cycle: 5 active, 0 available, 0 dispatched, 20 today
2026-03-28 15:43:01,501 [INFO] Cycle: 5 active, 0 available, 0 dispatched, 20 today
2026-03-28 15:43:11,575 [INFO] Cycle: 5 active, 0 available, 0 dispatched, 20 today
2026-03-28 15:43:21,618 [INFO] Cycle: 5 active, 0 available, 0 dispatched, 20 today
2026-03-28 15:43:31,642 [INFO] DISPATCH [plan] task=lever-bug-6 (session #21 today)
2026-03-28 15:43:31,643 [INFO] Support check: remaining=0, dispatched=1
2026-03-28 15:43:31,664 [INFO] Cycle: 5 active, 0 available, 1 dispatched, 21 today
2026-03-28 15:43:41,717 [INFO] Cycle: 5 active, 0 available, 0 dispatched, 21 today
2026-03-28 15:43:51,745 [INFO] Support check: remaining=1, dispatched=0
2026-03-28 15:43:51,766 [INFO] DISPATCH [improve] task=support-improve (session #22 today)
2026-03-28 15:43:51,790 [INFO] Cycle: 5 active, 0 available, 1 dispatched, 22 today
2026-03-28 15:44:01,833 [INFO] Cycle: 5 active, 0 available, 0 dispatched, 22 today
2026-03-28 15:44:11,876 [INFO] Cycle: 5 active, 0 available, 0 dispatched, 22 today
2026-03-28 15:44:21,918 [INFO] Cycle: 5 active, 0 available, 0 dispatched, 22 today
2026-03-28 15:44:31,968 [INFO] Cycle: 5 active, 0 available, 0 dispatched, 22 today
2026-03-28 15:44:42,010 [INFO] Cycle: 5 active, 0 available, 0 dispatched, 22 today
2026-03-28 15:44:52,053 [INFO] Cycle: 5 active, 0 available, 0 dispatched, 22 today
