[2026-03-29T11:04:26Z] selfcheck-fast starting...
[2026-03-29T11:04:26Z] All clear.
[2026-03-29T11:04:26Z] selfcheck-fast done. Problems: 0
[2026-03-29T11:06:53Z] selfcheck-fast starting...
[2026-03-29T11:06:53Z] All clear.
[2026-03-29T11:06:53Z] selfcheck-fast done. Problems: 0
[2026-03-29T11:06:57Z] selfcheck-fast starting...
[2026-03-29T11:06:57Z] All clear.
[2026-03-29T11:06:57Z] selfcheck-fast done. Problems: 0
[2026-03-30T04:27:03Z] selfcheck-fast starting...
[2026-03-30T04:27:03Z] All clear.
[2026-03-30T04:27:03Z] Dispatching CRITICAL action to operate: Ensure Commander surfaces keeper wallet funding request to Master at next contact. Deployer wallet 0x0e4D636c6D79c380A137f28EF73E054364cd5434 has ~0.00000053 ETH on Base Sepolia. Oracle and accrual stalled for 7+ days. Need 0.5 ETH from any faucet to resume oracle prices and fee accrual.
[2026-03-30T04:27:03Z] selfcheck-fast done. Problems: 0
OVERSEER ACTION resolved. Moved CRITICAL action to COMPLETED. The keeper wallet funding request has been documented across multiple sessions and is now prominently flagged in the latest handoff for Commander to relay to Master.

Key message for Commander: Master asked "Okay lets fix everything. Need anything from me?" at 02:52. The answer is: **fund wallet `0x0e4D636c6D79c380A137f28EF73E054364cd5434` with ~0.5 ETH on Base Sepolia**. Oracle prices and fee accrual have been dead for 7+ days.

Committed at `708dcc5`.
[2026-04-01T01:50:01Z] selfcheck-fast starting...
[2026-04-01T01:50:01Z] All clear.
[2026-04-01T01:50:01Z] Dispatching HIGH action to build: Scheduler should auto-dispatch VERIFY for KANBAN IN REVIEW items. Currently requires manual intervention. The gap caused 2-hour delay for 7 items on 2026-03-30.
[2026-04-01T01:50:01Z] selfcheck-fast done. Problems: 0
Done. Fixed the overseer action.

**Problem**: Scheduler had no task entries for items dispatched by Commander. Items sat in KANBAN "IN REVIEW" with no VERIFY being dispatched.

**Fix**: Added `sync_in_review_items()` to `scheduler.py` (called every cycle in the main loop, before `dispatch_pipeline_work()`). It scans KANBAN "IN REVIEW", finds matching build handoff files, and creates `state.tasks` entries with stage "built" so the existing VERIFY dispatch logic (line 397-405) picks them up automatically.

Scheduler restarted and running cleanly. The next time Commander dispatches BUILD directly and items land in IN REVIEW, the scheduler will detect them within one cycle (~10 seconds) and auto-dispatch VERIFY.
[2026-04-01T01:55:01Z] selfcheck-fast starting...
[2026-04-01T01:55:01Z] All clear.
[2026-04-01T01:55:01Z] Dispatching CRITICAL action to build: Three funded competitors on Base (Ultramarkets live, OmenX funded). Mainnet timeline discussion with Master is urgent.
[2026-04-01T01:55:01Z] selfcheck-fast done. Problems: 0
This is a strategic/CEO action, not a BUILD task. Routing to Master via the appropriate channel.

The overseer flagged this as CRITICAL because of competitive pressure, but it requires Master's decision, not code. The action items are:

1. **Ultramarkets is live** on Base with 900+ users
2. **OmenX is funded** (competitor on Base)
3. **Mainnet timeline** needs Master's input

This should be surfaced to Master in the next Telegram interaction or daily brief, not implemented by BUILD. The CEO workstream should prepare:
- Competitive differentiation document (LEVER vs OmenX vs Ultramarkets)
- Updated investor deck (Polymarket now $20B with ICE investment)
- Prediction Conference registration (April 22-24 Las Vegas, 21 days out)

These are already tracked in OVERSEER_ACTIONS.md as separate HIGH-priority CEO actions. I'm not the right workstream for this. Commander should route to CEO or surface directly to Master.
[2026-04-01T02:00:01Z] selfcheck-fast starting...
[2026-04-01T02:00:01Z] All clear.
[2026-04-01T02:00:01Z] Dispatching HIGH action to ceo: Register for Prediction Conference April 22-24 Las Vegas. 21 days out. 5cc Capital principals likely attending.
[2026-04-01T02:00:01Z] selfcheck-fast done. Problems: 0
**Prediction Conference, April 22-24, Las Vegas.**

Conference: predictionmarketsconference.com
Price: $997, 300 curated seats
Registration: available directly on the site

On 5cc Capital: they are the new prediction markets VC fund ($35M raise, first close around April 2026). Founded by Adhi Rajaprabhakaran (Kalshi's second trader) and Noah Zingler-Sternig (Kalshi's former head of ops). Backed by Tarek Mansour, Shayne Coplan, Marc Andreessen, and Ribbit. They are literally writing checks to prediction market infrastructure right now. If they are at this conference, that is a priority conversation.

I cannot complete registration myself since it requires payment. Two options:
1. You approve and pay directly at predictionmarketsconference.com
2. You share a payment method or want me to draft a team member to handle it

Also flagged: there are two other HIGH priority CEO items queued from OVERSEER that connect directly to conference prep:
- LEVER vs OmenX vs Ultramarkets competitive differentiation doc (investor conversations)
- Investor deck update: Polymarket now $20B (ICE investment), sector total $42B+

I can start on both of those now while you handle registration. Say the word.
[2026-04-01T02:05:01Z] selfcheck-fast starting...
[2026-04-01T02:05:01Z] All clear.
[2026-04-01T02:05:01Z] Dispatching HIGH action to ceo: Register for Prediction Conference April 22-24 Las Vegas. 21 days out. 5cc Capital principals likely attending. [2026-04-01 02:00] CEO surfaced to Master: predictionmarketsconference.com, $997. 5cc Capital (Adhi R + Noah ZS, $35M fund) likely attending. AWAITING MASTER APPROVAL to register.
[2026-04-01T02:05:01Z] selfcheck-fast done. Problems: 0
Already surfaced to Master in the previous message. Updated the action line to prevent re-dispatch. No duplicate message sent.
[2026-04-01T02:10:01Z] selfcheck-fast starting...
[2026-04-01T02:10:01Z] All clear.
[2026-04-01T02:10:01Z] Dispatching HIGH action to ceo: [SURFACED 2026-04-01 02:00] Register for Prediction Conference April 22-24 Las Vegas. $997 at predictionmarketsconference.com. 5cc Capital ($35M fund, Adhi R + Noah ZS) likely attending. Awaiting Master approval to register. Do not re-dispatch.
[2026-04-01T02:10:01Z] selfcheck-fast done. Problems: 0
Moved to COMPLETED. The dispatcher was re-firing because editing the action text made it look like a new action to the dispatched-actions.log matcher. Won't happen again.
[2026-04-01T02:15:01Z] selfcheck-fast starting...
[2026-04-01T02:15:01Z] All clear.
[2026-04-01T02:15:01Z] Dispatching HIGH action to ceo: Prepare LEVER vs OmenX vs Ultramarkets competitive differentiation document for investor conversations.
[2026-04-01T02:15:01Z] selfcheck-fast done. Problems: 0
Done. Competitive differentiation doc saved to `shared-brain/LEVER_COMPETITIVE_DIFF.md`.

Key takeaway: LEVER has the best architecture in the space, but we are behind on deployment and funding. OmenX is funded with a strong founder pedigree. Ultramarkets is the only one live with real users (900+). The doc covers positioning, five core differentiators, honest competitor assessments, objection handling scripts, and 5cc Capital targeting.

One OVERSEER CEO action remains: updating the investor deck with Polymarket $20B / sector $42B+ data. I can start that next.
[2026-04-01T02:20:01Z] selfcheck-fast starting...
[2026-04-01T02:20:01Z] All clear.
[2026-04-01T02:20:01Z] Dispatching HIGH action to ceo: Update investor deck: Polymarket now $20B (ICE investment), sector total $42B+.
[2026-04-01T02:20:01Z] selfcheck-fast done. Problems: 0
Done. Updated `knowledge/summaries/investor-research.md` with:

- Polymarket: $20B valuation, ICE invested $2B total ($1B + $600M), $425M single-day record, 840K+ MAW, fee expansion (~$209M annualized revenue), Dome + Brahma acquisitions
- Kalshi: $22B valuation, ~$1.5B annual revenue, NFA-registered
- Sector: $42B+ combined valuation, $21B monthly volume ATH, 865K MAU (+118% YoY)
- Added OmenX as competitive entry (was missing from the investor research doc)

Note: there is no formal pitch deck file (.pptx or .pdf) yet. All investor materials are in markdown. When Master wants a deck built, that is a separate task.

All three HIGH CEO OVERSEER actions are now complete. The remaining CRITICAL action (mainnet timeline discussion with Master) is a BUILD item that requires Master's direct input.
[2026-04-01T02:25:01Z] selfcheck-fast starting...
[2026-04-01T02:25:01Z] All clear.
[2026-04-01T02:25:01Z] Dispatching HIGH action to ceo: [2026-04-01 02:20] Investor research doc updated with latest market data: Polymarket $20B (ICE $2B total), Kalshi $22B, sector $42B+, 840K+ MAW, $21B monthly volume ATH, fee expansion $209M annualized, OmenX competitive entry added. File: knowledge/summaries/investor-research.md.
[2026-04-01T02:25:01Z] selfcheck-fast done. Problems: 0
Already completed. The investor research doc was updated in the previous action. This is a completed action line being re-dispatched because it was in the COMPLETED section but the dispatcher matched it again. Logged to dispatched-actions.log to prevent further repeats.
[2026-04-01T02:30:01Z] selfcheck-fast starting...
[2026-04-01T02:30:01Z] All clear.
[2026-04-01T02:30:01Z] Dispatching HIGH action to ceo: [2026-04-01 02:00] Prediction Conference April 22-24 Las Vegas. Surfaced to Master with full details ($997, predictionmarketsconference.com, 5cc Capital context). Awaiting Master approval to register. Tracked in CEO_TRACKER.md.
[2026-04-01T02:30:01Z] selfcheck-fast done. Problems: 0
Fixed. The dispatcher was `grep "^ACTION|"` across the entire file, including COMPLETED actions. Now it only reads between `## PENDING` and `## COMPLETED` headers. No more ghost re-dispatches of finished work.
[2026-04-01T02:35:01Z] selfcheck-fast starting...
[2026-04-01T02:35:01Z] All clear.
[2026-04-01T02:35:01Z] selfcheck-fast done. Problems: 0
[2026-04-01T02:40:01Z] selfcheck-fast starting...
[2026-04-01T02:40:01Z] All clear.
[2026-04-01T02:40:01Z] selfcheck-fast done. Problems: 0
[2026-04-01T02:45:01Z] selfcheck-fast starting...
[2026-04-01T02:45:01Z] All clear.
[2026-04-01T02:45:01Z] selfcheck-fast done. Problems: 0
[2026-04-01T02:50:01Z] selfcheck-fast starting...
[2026-04-01T02:50:01Z] All clear.
[2026-04-01T02:50:01Z] selfcheck-fast done. Problems: 0
[2026-04-01T02:55:01Z] selfcheck-fast starting...
[2026-04-01T02:55:01Z] All clear.
[2026-04-01T02:55:01Z] selfcheck-fast done. Problems: 0
[2026-04-01T03:00:01Z] selfcheck-fast starting...
[2026-04-01T03:00:01Z] All clear.
[2026-04-01T03:00:01Z] selfcheck-fast done. Problems: 0
[2026-04-01T03:05:01Z] selfcheck-fast starting...
[2026-04-01T03:05:01Z] All clear.
[2026-04-01T03:05:01Z] selfcheck-fast done. Problems: 0
[2026-04-01T03:10:01Z] selfcheck-fast starting...
[2026-04-01T03:10:01Z] All clear.
[2026-04-01T03:10:01Z] selfcheck-fast done. Problems: 0
[2026-04-01T03:15:01Z] selfcheck-fast starting...
[2026-04-01T03:15:01Z] All clear.
[2026-04-01T03:15:01Z] selfcheck-fast done. Problems: 0
[2026-04-01T03:20:01Z] selfcheck-fast starting...
[2026-04-01T03:20:01Z] All clear.
[2026-04-01T03:20:01Z] selfcheck-fast done. Problems: 0
[2026-04-01T03:25:01Z] selfcheck-fast starting...
[2026-04-01T03:25:01Z] All clear.
[2026-04-01T03:25:01Z] selfcheck-fast done. Problems: 0
[2026-04-01T03:30:01Z] selfcheck-fast starting...
[2026-04-01T03:30:01Z] All clear.
[2026-04-01T03:30:01Z] selfcheck-fast done. Problems: 0
[2026-04-01T03:35:01Z] selfcheck-fast starting...
[2026-04-01T03:35:01Z] All clear.
[2026-04-01T03:35:01Z] selfcheck-fast done. Problems: 0
[2026-04-01T03:40:01Z] selfcheck-fast starting...
[2026-04-01T03:40:01Z] All clear.
[2026-04-01T03:40:01Z] selfcheck-fast done. Problems: 0
[2026-04-01T03:45:01Z] selfcheck-fast starting...
[2026-04-01T03:45:01Z] All clear.
[2026-04-01T03:45:01Z] selfcheck-fast done. Problems: 0
[2026-04-01T03:50:01Z] selfcheck-fast starting...
[2026-04-01T03:50:01Z] All clear.
[2026-04-01T03:50:01Z] selfcheck-fast done. Problems: 0
[2026-04-01T03:55:01Z] selfcheck-fast starting...
[2026-04-01T03:55:01Z] All clear.
[2026-04-01T03:55:01Z] selfcheck-fast done. Problems: 0
[2026-04-01T04:00:01Z] selfcheck-fast starting...
[2026-04-01T04:00:01Z] All clear.
[2026-04-01T04:00:01Z] selfcheck-fast done. Problems: 0
[2026-04-01T04:05:01Z] selfcheck-fast starting...
[2026-04-01T04:05:01Z] All clear.
[2026-04-01T04:05:01Z] selfcheck-fast done. Problems: 0
[2026-04-01T04:10:01Z] selfcheck-fast starting...
[2026-04-01T04:10:01Z] All clear.
[2026-04-01T04:10:01Z] selfcheck-fast done. Problems: 0
[2026-04-01T04:15:01Z] selfcheck-fast starting...
[2026-04-01T04:15:01Z] All clear.
[2026-04-01T04:15:01Z] selfcheck-fast done. Problems: 0
[2026-04-01T04:20:01Z] selfcheck-fast starting...
[2026-04-01T04:20:01Z] All clear.
[2026-04-01T04:20:01Z] selfcheck-fast done. Problems: 0
[2026-04-01T04:25:01Z] selfcheck-fast starting...
[2026-04-01T04:25:01Z] All clear.
[2026-04-01T04:25:01Z] selfcheck-fast done. Problems: 0
[2026-04-01T04:30:01Z] selfcheck-fast starting...
[2026-04-01T04:30:01Z] All clear.
[2026-04-01T04:30:01Z] selfcheck-fast done. Problems: 0
[2026-04-01T04:35:01Z] selfcheck-fast starting...
[2026-04-01T04:35:01Z] All clear.
[2026-04-01T04:35:01Z] selfcheck-fast done. Problems: 0
[2026-04-01T04:40:01Z] selfcheck-fast starting...
[2026-04-01T04:40:01Z] All clear.
[2026-04-01T04:40:01Z] selfcheck-fast done. Problems: 0
[2026-04-01T04:45:01Z] selfcheck-fast starting...
[2026-04-01T04:45:01Z] All clear.
[2026-04-01T04:45:01Z] selfcheck-fast done. Problems: 0
[2026-04-01T04:50:01Z] selfcheck-fast starting...
[2026-04-01T04:50:01Z] All clear.
[2026-04-01T04:50:01Z] selfcheck-fast done. Problems: 0
[2026-04-01T04:55:01Z] selfcheck-fast starting...
[2026-04-01T04:55:01Z] All clear.
[2026-04-01T04:55:01Z] selfcheck-fast done. Problems: 0
[2026-04-01T05:00:01Z] selfcheck-fast starting...
[2026-04-01T05:00:01Z] All clear.
[2026-04-01T05:00:01Z] selfcheck-fast done. Problems: 0
[2026-04-01T05:05:01Z] selfcheck-fast starting...
[2026-04-01T05:05:01Z] All clear.
[2026-04-01T05:05:01Z] selfcheck-fast done. Problems: 0
[2026-04-01T05:10:01Z] selfcheck-fast starting...
[2026-04-01T05:10:01Z] All clear.
[2026-04-01T05:10:01Z] selfcheck-fast done. Problems: 0
[2026-04-01T05:15:01Z] selfcheck-fast starting...
[2026-04-01T05:15:01Z] All clear.
[2026-04-01T05:15:01Z] selfcheck-fast done. Problems: 0
[2026-04-01T05:20:01Z] selfcheck-fast starting...
[2026-04-01T05:20:01Z] All clear.
[2026-04-01T05:20:01Z] selfcheck-fast done. Problems: 0
[2026-04-01T05:25:01Z] selfcheck-fast starting...
[2026-04-01T05:25:01Z] All clear.
[2026-04-01T05:25:01Z] selfcheck-fast done. Problems: 0
[2026-04-01T05:30:01Z] selfcheck-fast starting...
[2026-04-01T05:30:01Z] All clear.
[2026-04-01T05:30:01Z] selfcheck-fast done. Problems: 0
[2026-04-01T05:35:01Z] selfcheck-fast starting...
[2026-04-01T05:35:01Z] All clear.
[2026-04-01T05:35:01Z] selfcheck-fast done. Problems: 0
[2026-04-01T05:40:01Z] selfcheck-fast starting...
[2026-04-01T05:40:01Z] All clear.
[2026-04-01T05:40:01Z] selfcheck-fast done. Problems: 0
[2026-04-01T05:45:01Z] selfcheck-fast starting...
[2026-04-01T05:45:01Z] All clear.
[2026-04-01T05:45:01Z] selfcheck-fast done. Problems: 0
[2026-04-01T05:50:01Z] selfcheck-fast starting...
[2026-04-01T05:50:01Z] All clear.
[2026-04-01T05:50:01Z] selfcheck-fast done. Problems: 0
[2026-04-01T05:55:01Z] selfcheck-fast starting...
[2026-04-01T05:55:01Z] All clear.
[2026-04-01T05:55:01Z] selfcheck-fast done. Problems: 0
[2026-04-01T06:00:01Z] selfcheck-fast starting...
[2026-04-01T06:00:01Z] All clear.
[2026-04-01T06:00:01Z] selfcheck-fast done. Problems: 0
[2026-04-01T06:05:01Z] selfcheck-fast starting...
[2026-04-01T06:05:01Z] All clear.
[2026-04-01T06:05:01Z] selfcheck-fast done. Problems: 0
[2026-04-01T06:10:01Z] selfcheck-fast starting...
[2026-04-01T06:10:01Z] All clear.
[2026-04-01T06:10:01Z] selfcheck-fast done. Problems: 0
[2026-04-01T06:15:01Z] selfcheck-fast starting...
[2026-04-01T06:15:01Z] All clear.
[2026-04-01T06:15:01Z] selfcheck-fast done. Problems: 0
[2026-04-01T06:20:01Z] selfcheck-fast starting...
[2026-04-01T06:20:01Z] All clear.
[2026-04-01T06:20:01Z] selfcheck-fast done. Problems: 0
[2026-04-01T06:25:01Z] selfcheck-fast starting...
[2026-04-01T06:25:01Z] All clear.
[2026-04-01T06:25:01Z] selfcheck-fast done. Problems: 0
[2026-04-01T06:30:01Z] selfcheck-fast starting...
[2026-04-01T06:30:01Z] All clear.
[2026-04-01T06:30:01Z] selfcheck-fast done. Problems: 0
[2026-04-01T06:35:01Z] selfcheck-fast starting...
[2026-04-01T06:35:01Z] All clear.
[2026-04-01T06:35:01Z] selfcheck-fast done. Problems: 0
[2026-04-01T06:40:01Z] selfcheck-fast starting...
[2026-04-01T06:40:01Z] All clear.
[2026-04-01T06:40:01Z] selfcheck-fast done. Problems: 0
[2026-04-01T06:45:01Z] selfcheck-fast starting...
[2026-04-01T06:45:01Z] All clear.
[2026-04-01T06:45:01Z] selfcheck-fast done. Problems: 0
[2026-04-01T06:50:02Z] selfcheck-fast starting...
[2026-04-01T06:50:02Z] All clear.
[2026-04-01T06:50:02Z] selfcheck-fast done. Problems: 0
[2026-04-01T06:55:01Z] selfcheck-fast starting...
[2026-04-01T06:55:01Z] All clear.
[2026-04-01T06:55:01Z] selfcheck-fast done. Problems: 0
[2026-04-01T07:00:01Z] selfcheck-fast starting...
[2026-04-01T07:00:01Z] All clear.
[2026-04-01T07:00:01Z] selfcheck-fast done. Problems: 0
[2026-04-01T07:05:01Z] selfcheck-fast starting...
[2026-04-01T07:05:01Z] All clear.
[2026-04-01T07:05:01Z] selfcheck-fast done. Problems: 0
[2026-04-01T07:10:01Z] selfcheck-fast starting...
[2026-04-01T07:10:01Z] All clear.
[2026-04-01T07:10:01Z] selfcheck-fast done. Problems: 0
[2026-04-01T07:15:01Z] selfcheck-fast starting...
[2026-04-01T07:15:01Z] All clear.
[2026-04-01T07:15:01Z] selfcheck-fast done. Problems: 0
[2026-04-01T07:20:01Z] selfcheck-fast starting...
[2026-04-01T07:20:01Z] All clear.
[2026-04-01T07:20:01Z] selfcheck-fast done. Problems: 0
[2026-04-01T07:25:01Z] selfcheck-fast starting...
[2026-04-01T07:25:01Z] All clear.
[2026-04-01T07:25:01Z] selfcheck-fast done. Problems: 0
[2026-04-01T07:30:01Z] selfcheck-fast starting...
[2026-04-01T07:30:01Z] All clear.
[2026-04-01T07:30:01Z] selfcheck-fast done. Problems: 0
[2026-04-01T07:35:01Z] selfcheck-fast starting...
[2026-04-01T07:35:01Z] All clear.
[2026-04-01T07:35:01Z] selfcheck-fast done. Problems: 0
[2026-04-01T07:40:01Z] selfcheck-fast starting...
[2026-04-01T07:40:01Z] All clear.
[2026-04-01T07:40:01Z] selfcheck-fast done. Problems: 0
[2026-04-01T07:45:01Z] selfcheck-fast starting...
[2026-04-01T07:45:01Z] All clear.
[2026-04-01T07:45:01Z] selfcheck-fast done. Problems: 0
[2026-04-01T07:50:01Z] selfcheck-fast starting...
[2026-04-01T07:50:01Z] All clear.
[2026-04-01T07:50:01Z] selfcheck-fast done. Problems: 0
[2026-04-01T07:55:01Z] selfcheck-fast starting...
[2026-04-01T07:55:01Z] All clear.
[2026-04-01T07:55:01Z] selfcheck-fast done. Problems: 0
[2026-04-01T08:00:01Z] selfcheck-fast starting...
[2026-04-01T08:00:01Z] All clear.
[2026-04-01T08:00:01Z] selfcheck-fast done. Problems: 0
[2026-04-01T08:05:01Z] selfcheck-fast starting...
[2026-04-01T08:05:01Z] All clear.
[2026-04-01T08:05:01Z] selfcheck-fast done. Problems: 0
[2026-04-01T08:10:01Z] selfcheck-fast starting...
[2026-04-01T08:10:01Z] All clear.
[2026-04-01T08:10:01Z] selfcheck-fast done. Problems: 0
[2026-04-01T08:15:01Z] selfcheck-fast starting...
[2026-04-01T08:15:01Z] All clear.
[2026-04-01T08:15:01Z] selfcheck-fast done. Problems: 0
[2026-04-01T08:20:01Z] selfcheck-fast starting...
[2026-04-01T08:20:01Z] All clear.
[2026-04-01T08:20:01Z] selfcheck-fast done. Problems: 0
[2026-04-01T08:25:01Z] selfcheck-fast starting...
[2026-04-01T08:25:01Z] All clear.
[2026-04-01T08:25:01Z] selfcheck-fast done. Problems: 0
[2026-04-01T08:30:01Z] selfcheck-fast starting...
[2026-04-01T08:30:01Z] All clear.
[2026-04-01T08:30:01Z] selfcheck-fast done. Problems: 0
[2026-04-01T08:35:01Z] selfcheck-fast starting...
[2026-04-01T08:35:01Z] All clear.
[2026-04-01T08:35:01Z] selfcheck-fast done. Problems: 0
[2026-04-01T08:40:01Z] selfcheck-fast starting...
[2026-04-01T08:40:01Z] All clear.
[2026-04-01T08:40:01Z] selfcheck-fast done. Problems: 0
[2026-04-01T08:45:01Z] selfcheck-fast starting...
[2026-04-01T08:45:01Z] All clear.
[2026-04-01T08:45:01Z] selfcheck-fast done. Problems: 0
[2026-04-01T08:50:01Z] selfcheck-fast starting...
[2026-04-01T08:50:01Z] All clear.
[2026-04-01T08:50:01Z] selfcheck-fast done. Problems: 0
[2026-04-01T08:55:01Z] selfcheck-fast starting...
[2026-04-01T08:55:01Z] All clear.
[2026-04-01T08:55:01Z] selfcheck-fast done. Problems: 0
[2026-04-01T09:00:01Z] selfcheck-fast starting...
[2026-04-01T09:00:01Z] All clear.
[2026-04-01T09:00:01Z] selfcheck-fast done. Problems: 0
[2026-04-01T09:05:01Z] selfcheck-fast starting...
[2026-04-01T09:05:01Z] All clear.
[2026-04-01T09:05:01Z] selfcheck-fast done. Problems: 0
[2026-04-01T09:10:01Z] selfcheck-fast starting...
[2026-04-01T09:10:01Z] All clear.
[2026-04-01T09:10:01Z] selfcheck-fast done. Problems: 0
[2026-04-01T09:15:01Z] selfcheck-fast starting...
[2026-04-01T09:15:01Z] All clear.
[2026-04-01T09:15:01Z] selfcheck-fast done. Problems: 0
[2026-04-01T09:20:01Z] selfcheck-fast starting...
[2026-04-01T09:20:01Z] All clear.
[2026-04-01T09:20:01Z] selfcheck-fast done. Problems: 0
[2026-04-01T09:25:01Z] selfcheck-fast starting...
[2026-04-01T09:25:01Z] All clear.
[2026-04-01T09:25:01Z] selfcheck-fast done. Problems: 0
[2026-04-01T09:30:01Z] selfcheck-fast starting...
[2026-04-01T09:30:01Z] All clear.
[2026-04-01T09:30:01Z] selfcheck-fast done. Problems: 0
[2026-04-01T09:35:01Z] selfcheck-fast starting...
[2026-04-01T09:35:01Z] All clear.
[2026-04-01T09:35:01Z] selfcheck-fast done. Problems: 0
[2026-04-01T09:40:01Z] selfcheck-fast starting...
[2026-04-01T09:40:01Z] All clear.
[2026-04-01T09:40:01Z] selfcheck-fast done. Problems: 0
[2026-04-01T09:45:01Z] selfcheck-fast starting...
[2026-04-01T09:45:01Z] All clear.
[2026-04-01T09:45:01Z] selfcheck-fast done. Problems: 0
[2026-04-01T09:50:01Z] selfcheck-fast starting...
[2026-04-01T09:50:01Z] All clear.
[2026-04-01T09:50:01Z] selfcheck-fast done. Problems: 0
[2026-04-01T09:55:01Z] selfcheck-fast starting...
[2026-04-01T09:55:01Z] All clear.
[2026-04-01T09:55:01Z] selfcheck-fast done. Problems: 0
[2026-04-01T10:00:01Z] selfcheck-fast starting...
[2026-04-01T10:00:01Z] All clear.
[2026-04-01T10:00:01Z] selfcheck-fast done. Problems: 0
[2026-04-01T10:05:01Z] selfcheck-fast starting...
[2026-04-01T10:05:01Z] All clear.
[2026-04-01T10:05:01Z] selfcheck-fast done. Problems: 0
[2026-04-01T10:10:01Z] selfcheck-fast starting...
[2026-04-01T10:10:01Z] All clear.
[2026-04-01T10:10:01Z] selfcheck-fast done. Problems: 0
[2026-04-01T10:15:01Z] selfcheck-fast starting...
[2026-04-01T10:15:01Z] All clear.
[2026-04-01T10:15:01Z] selfcheck-fast done. Problems: 0
[2026-04-01T10:20:02Z] selfcheck-fast starting...
[2026-04-01T10:20:02Z] All clear.
[2026-04-01T10:20:02Z] selfcheck-fast done. Problems: 0
[2026-04-01T10:25:01Z] selfcheck-fast starting...
[2026-04-01T10:25:01Z] All clear.
[2026-04-01T10:25:01Z] selfcheck-fast done. Problems: 0
[2026-04-01T10:30:01Z] selfcheck-fast starting...
[2026-04-01T10:30:01Z] All clear.
[2026-04-01T10:30:01Z] selfcheck-fast done. Problems: 0
[2026-04-01T10:35:01Z] selfcheck-fast starting...
[2026-04-01T10:35:01Z] All clear.
[2026-04-01T10:35:01Z] selfcheck-fast done. Problems: 0
[2026-04-01T10:40:01Z] selfcheck-fast starting...
[2026-04-01T10:40:01Z] All clear.
[2026-04-01T10:40:01Z] selfcheck-fast done. Problems: 0
[2026-04-01T10:45:01Z] selfcheck-fast starting...
[2026-04-01T10:45:01Z] All clear.
[2026-04-01T10:45:01Z] selfcheck-fast done. Problems: 0
[2026-04-01T10:50:01Z] selfcheck-fast starting...
[2026-04-01T10:50:01Z] All clear.
[2026-04-01T10:50:01Z] selfcheck-fast done. Problems: 0
[2026-04-01T10:55:01Z] selfcheck-fast starting...
[2026-04-01T10:55:01Z] All clear.
[2026-04-01T10:55:01Z] selfcheck-fast done. Problems: 0
[2026-04-01T11:00:01Z] selfcheck-fast starting...
[2026-04-01T11:00:01Z] All clear.
[2026-04-01T11:00:01Z] selfcheck-fast done. Problems: 0
[2026-04-01T11:05:01Z] selfcheck-fast starting...
[2026-04-01T11:05:01Z] All clear.
[2026-04-01T11:05:01Z] selfcheck-fast done. Problems: 0
[2026-04-01T11:10:01Z] selfcheck-fast starting...
[2026-04-01T11:10:01Z] All clear.
[2026-04-01T11:10:01Z] selfcheck-fast done. Problems: 0
[2026-04-01T11:15:01Z] selfcheck-fast starting...
[2026-04-01T11:15:01Z] All clear.
[2026-04-01T11:15:01Z] selfcheck-fast done. Problems: 0
[2026-04-01T11:20:01Z] selfcheck-fast starting...
[2026-04-01T11:20:01Z] All clear.
[2026-04-01T11:20:01Z] selfcheck-fast done. Problems: 0
[2026-04-01T11:25:01Z] selfcheck-fast starting...
[2026-04-01T11:25:01Z] All clear.
[2026-04-01T11:25:01Z] selfcheck-fast done. Problems: 0
[2026-04-01T11:30:01Z] selfcheck-fast starting...
[2026-04-01T11:30:01Z] All clear.
[2026-04-01T11:30:01Z] selfcheck-fast done. Problems: 0
[2026-04-01T11:35:01Z] selfcheck-fast starting...
[2026-04-01T11:35:01Z] All clear.
[2026-04-01T11:35:01Z] selfcheck-fast done. Problems: 0
[2026-04-01T11:40:01Z] selfcheck-fast starting...
[2026-04-01T11:40:01Z] All clear.
[2026-04-01T11:40:01Z] selfcheck-fast done. Problems: 0
[2026-04-01T11:45:01Z] selfcheck-fast starting...
[2026-04-01T11:45:01Z] All clear.
[2026-04-01T11:45:01Z] selfcheck-fast done. Problems: 0
[2026-04-01T11:50:01Z] selfcheck-fast starting...
[2026-04-01T11:50:01Z] All clear.
[2026-04-01T11:50:01Z] selfcheck-fast done. Problems: 0
[2026-04-01T11:55:01Z] selfcheck-fast starting...
[2026-04-01T11:55:01Z] All clear.
[2026-04-01T11:55:01Z] selfcheck-fast done. Problems: 0
[2026-04-01T12:00:01Z] selfcheck-fast starting...
[2026-04-01T12:00:01Z] All clear.
[2026-04-01T12:00:01Z] selfcheck-fast done. Problems: 0
[2026-04-01T12:05:01Z] selfcheck-fast starting...
[2026-04-01T12:05:01Z] All clear.
[2026-04-01T12:05:01Z] selfcheck-fast done. Problems: 0
[2026-04-01T12:10:01Z] selfcheck-fast starting...
[2026-04-01T12:10:01Z] All clear.
[2026-04-01T12:10:01Z] selfcheck-fast done. Problems: 0
[2026-04-01T12:15:01Z] selfcheck-fast starting...
[2026-04-01T12:15:01Z] All clear.
[2026-04-01T12:15:01Z] selfcheck-fast done. Problems: 0
[2026-04-01T12:20:01Z] selfcheck-fast starting...
[2026-04-01T12:20:01Z] All clear.
[2026-04-01T12:20:01Z] selfcheck-fast done. Problems: 0
[2026-04-01T12:25:01Z] selfcheck-fast starting...
[2026-04-01T12:25:01Z] All clear.
[2026-04-01T12:25:01Z] selfcheck-fast done. Problems: 0
[2026-04-01T12:30:01Z] selfcheck-fast starting...
[2026-04-01T12:30:01Z] All clear.
[2026-04-01T12:30:01Z] selfcheck-fast done. Problems: 0
[2026-04-01T12:35:01Z] selfcheck-fast starting...
[2026-04-01T12:35:01Z] All clear.
[2026-04-01T12:35:01Z] selfcheck-fast done. Problems: 0
[2026-04-01T12:40:02Z] selfcheck-fast starting...
[2026-04-01T12:40:02Z] All clear.
[2026-04-01T12:40:02Z] selfcheck-fast done. Problems: 0
[2026-04-01T12:45:01Z] selfcheck-fast starting...
[2026-04-01T12:45:01Z] All clear.
[2026-04-01T12:45:01Z] selfcheck-fast done. Problems: 0
[2026-04-01T12:50:01Z] selfcheck-fast starting...
[2026-04-01T12:50:01Z] All clear.
[2026-04-01T12:50:01Z] selfcheck-fast done. Problems: 0
[2026-04-01T12:55:01Z] selfcheck-fast starting...
[2026-04-01T12:55:01Z] All clear.
[2026-04-01T12:55:01Z] selfcheck-fast done. Problems: 0
[2026-04-01T13:00:01Z] selfcheck-fast starting...
[2026-04-01T13:00:01Z] All clear.
[2026-04-01T13:00:01Z] selfcheck-fast done. Problems: 0
[2026-04-01T13:05:01Z] selfcheck-fast starting...
[2026-04-01T13:05:01Z] All clear.
[2026-04-01T13:05:01Z] selfcheck-fast done. Problems: 0
[2026-04-01T13:10:01Z] selfcheck-fast starting...
[2026-04-01T13:10:01Z] All clear.
[2026-04-01T13:10:01Z] selfcheck-fast done. Problems: 0
[2026-04-01T13:15:01Z] selfcheck-fast starting...
[2026-04-01T13:15:01Z] All clear.
[2026-04-01T13:15:01Z] selfcheck-fast done. Problems: 0
[2026-04-01T13:20:01Z] selfcheck-fast starting...
[2026-04-01T13:20:01Z] All clear.
[2026-04-01T13:20:01Z] selfcheck-fast done. Problems: 0
[2026-04-01T13:25:01Z] selfcheck-fast starting...
[2026-04-01T13:25:01Z] All clear.
[2026-04-01T13:25:01Z] selfcheck-fast done. Problems: 0
[2026-04-01T13:30:01Z] selfcheck-fast starting...
[2026-04-01T13:30:01Z] All clear.
[2026-04-01T13:30:01Z] selfcheck-fast done. Problems: 0
[2026-04-01T13:35:01Z] selfcheck-fast starting...
[2026-04-01T13:35:01Z] All clear.
[2026-04-01T13:35:01Z] selfcheck-fast done. Problems: 0
[2026-04-01T13:40:01Z] selfcheck-fast starting...
[2026-04-01T13:40:01Z] All clear.
[2026-04-01T13:40:01Z] selfcheck-fast done. Problems: 0
[2026-04-01T13:45:01Z] selfcheck-fast starting...
[2026-04-01T13:45:01Z] All clear.
[2026-04-01T13:45:01Z] selfcheck-fast done. Problems: 0
[2026-04-01T13:50:01Z] selfcheck-fast starting...
[2026-04-01T13:50:01Z] All clear.
[2026-04-01T13:50:01Z] selfcheck-fast done. Problems: 0
[2026-04-01T13:55:01Z] selfcheck-fast starting...
[2026-04-01T13:55:01Z] All clear.
[2026-04-01T13:55:01Z] selfcheck-fast done. Problems: 0
[2026-04-01T14:00:01Z] selfcheck-fast starting...
[2026-04-01T14:00:01Z] All clear.
[2026-04-01T14:00:01Z] selfcheck-fast done. Problems: 0
[2026-04-01T14:05:01Z] selfcheck-fast starting...
[2026-04-01T14:05:01Z] All clear.
[2026-04-01T14:05:01Z] selfcheck-fast done. Problems: 0
[2026-04-01T14:10:01Z] selfcheck-fast starting...
[2026-04-01T14:10:01Z] All clear.
[2026-04-01T14:10:01Z] selfcheck-fast done. Problems: 0
[2026-04-01T14:15:01Z] selfcheck-fast starting...
[2026-04-01T14:15:01Z] All clear.
[2026-04-01T14:15:01Z] selfcheck-fast done. Problems: 0
[2026-04-01T14:20:01Z] selfcheck-fast starting...
[2026-04-01T14:20:01Z] All clear.
[2026-04-01T14:20:01Z] selfcheck-fast done. Problems: 0
[2026-04-01T14:25:01Z] selfcheck-fast starting...
[2026-04-01T14:25:01Z] All clear.
[2026-04-01T14:25:01Z] selfcheck-fast done. Problems: 0
[2026-04-01T14:30:01Z] selfcheck-fast starting...
[2026-04-01T14:30:01Z] All clear.
[2026-04-01T14:30:01Z] selfcheck-fast done. Problems: 0
[2026-04-01T14:35:01Z] selfcheck-fast starting...
[2026-04-01T14:35:01Z] All clear.
[2026-04-01T14:35:01Z] selfcheck-fast done. Problems: 0
[2026-04-01T14:40:01Z] selfcheck-fast starting...
[2026-04-01T14:40:01Z] All clear.
[2026-04-01T14:40:01Z] selfcheck-fast done. Problems: 0
[2026-04-01T14:45:01Z] selfcheck-fast starting...
[2026-04-01T14:45:01Z] All clear.
[2026-04-01T14:45:01Z] selfcheck-fast done. Problems: 0
[2026-04-01T14:50:01Z] selfcheck-fast starting...
[2026-04-01T14:50:01Z] All clear.
[2026-04-01T14:50:01Z] selfcheck-fast done. Problems: 0
[2026-04-01T14:55:01Z] selfcheck-fast starting...
[2026-04-01T14:55:01Z] All clear.
[2026-04-01T14:55:01Z] selfcheck-fast done. Problems: 0
[2026-04-01T15:00:01Z] selfcheck-fast starting...
[2026-04-01T15:00:01Z] All clear.
[2026-04-01T15:00:01Z] selfcheck-fast done. Problems: 0
[2026-04-01T15:05:01Z] selfcheck-fast starting...
[2026-04-01T15:05:01Z] All clear.
[2026-04-01T15:05:01Z] selfcheck-fast done. Problems: 0
[2026-04-01T15:10:01Z] selfcheck-fast starting...
[2026-04-01T15:10:01Z] All clear.
[2026-04-01T15:10:01Z] selfcheck-fast done. Problems: 0
[2026-04-01T15:15:01Z] selfcheck-fast starting...
[2026-04-01T15:15:01Z] All clear.
[2026-04-01T15:15:01Z] selfcheck-fast done. Problems: 0
[2026-04-01T15:20:01Z] selfcheck-fast starting...
[2026-04-01T15:20:01Z] All clear.
[2026-04-01T15:20:01Z] selfcheck-fast done. Problems: 0
[2026-04-01T15:25:01Z] selfcheck-fast starting...
[2026-04-01T15:25:01Z] All clear.
[2026-04-01T15:25:01Z] selfcheck-fast done. Problems: 0
[2026-04-01T15:30:01Z] selfcheck-fast starting...
[2026-04-01T15:30:01Z] All clear.
[2026-04-01T15:30:01Z] selfcheck-fast done. Problems: 0
[2026-04-01T15:35:01Z] selfcheck-fast starting...
[2026-04-01T15:35:01Z] All clear.
[2026-04-01T15:35:01Z] selfcheck-fast done. Problems: 0
[2026-04-01T15:40:01Z] selfcheck-fast starting...
[2026-04-01T15:40:01Z] All clear.
[2026-04-01T15:40:01Z] selfcheck-fast done. Problems: 0
[2026-04-01T15:45:01Z] selfcheck-fast starting...
[2026-04-01T15:45:01Z] All clear.
[2026-04-01T15:45:01Z] selfcheck-fast done. Problems: 0
[2026-04-01T15:50:01Z] selfcheck-fast starting...
[2026-04-01T15:50:01Z] All clear.
[2026-04-01T15:50:01Z] selfcheck-fast done. Problems: 0
[2026-04-01T15:55:01Z] selfcheck-fast starting...
[2026-04-01T15:55:01Z] All clear.
[2026-04-01T15:55:01Z] selfcheck-fast done. Problems: 0
[2026-04-01T16:00:01Z] selfcheck-fast starting...
[2026-04-01T16:00:01Z] All clear.
[2026-04-01T16:00:01Z] selfcheck-fast done. Problems: 0
[2026-04-01T16:05:01Z] selfcheck-fast starting...
[2026-04-01T16:05:01Z] All clear.
[2026-04-01T16:05:01Z] selfcheck-fast done. Problems: 0
[2026-04-01T16:10:01Z] selfcheck-fast starting...
[2026-04-01T16:10:01Z] All clear.
[2026-04-01T16:10:01Z] selfcheck-fast done. Problems: 0
[2026-04-01T16:15:01Z] selfcheck-fast starting...
[2026-04-01T16:15:01Z] All clear.
[2026-04-01T16:15:01Z] selfcheck-fast done. Problems: 0
[2026-04-01T16:20:01Z] selfcheck-fast starting...
[2026-04-01T16:20:01Z] All clear.
[2026-04-01T16:20:01Z] selfcheck-fast done. Problems: 0
[2026-04-01T16:25:01Z] selfcheck-fast starting...
[2026-04-01T16:25:01Z] All clear.
[2026-04-01T16:25:01Z] selfcheck-fast done. Problems: 0
[2026-04-01T16:30:01Z] selfcheck-fast starting...
[2026-04-01T16:30:01Z] All clear.
[2026-04-01T16:30:01Z] selfcheck-fast done. Problems: 0
[2026-04-01T16:35:01Z] selfcheck-fast starting...
[2026-04-01T16:35:01Z] All clear.
[2026-04-01T16:35:01Z] selfcheck-fast done. Problems: 0
[2026-04-01T16:40:01Z] selfcheck-fast starting...
[2026-04-01T16:40:01Z] All clear.
[2026-04-01T16:40:01Z] selfcheck-fast done. Problems: 0
[2026-04-01T16:45:01Z] selfcheck-fast starting...
[2026-04-01T16:45:01Z] All clear.
[2026-04-01T16:45:01Z] selfcheck-fast done. Problems: 0
[2026-04-01T16:50:01Z] selfcheck-fast starting...
[2026-04-01T16:50:01Z] All clear.
[2026-04-01T16:50:01Z] selfcheck-fast done. Problems: 0
[2026-04-01T16:55:01Z] selfcheck-fast starting...
[2026-04-01T16:55:01Z] All clear.
[2026-04-01T16:55:01Z] selfcheck-fast done. Problems: 0
[2026-04-01T17:00:01Z] selfcheck-fast starting...
[2026-04-01T17:00:01Z] All clear.
[2026-04-01T17:00:01Z] selfcheck-fast done. Problems: 0
[2026-04-01T17:05:01Z] selfcheck-fast starting...
[2026-04-01T17:05:01Z] All clear.
[2026-04-01T17:05:01Z] selfcheck-fast done. Problems: 0
[2026-04-01T17:10:01Z] selfcheck-fast starting...
[2026-04-01T17:10:01Z] All clear.
[2026-04-01T17:10:01Z] selfcheck-fast done. Problems: 0
[2026-04-01T17:15:01Z] selfcheck-fast starting...
[2026-04-01T17:15:01Z] All clear.
[2026-04-01T17:15:01Z] selfcheck-fast done. Problems: 0
[2026-04-01T17:20:01Z] selfcheck-fast starting...
[2026-04-01T17:20:01Z] All clear.
[2026-04-01T17:20:01Z] selfcheck-fast done. Problems: 0
[2026-04-01T17:25:01Z] selfcheck-fast starting...
[2026-04-01T17:25:01Z] All clear.
[2026-04-01T17:25:01Z] selfcheck-fast done. Problems: 0
[2026-04-01T17:30:01Z] selfcheck-fast starting...
[2026-04-01T17:30:01Z] All clear.
[2026-04-01T17:30:01Z] selfcheck-fast done. Problems: 0
[2026-04-01T17:35:01Z] selfcheck-fast starting...
[2026-04-01T17:35:01Z] All clear.
[2026-04-01T17:35:01Z] selfcheck-fast done. Problems: 0
[2026-04-01T17:40:01Z] selfcheck-fast starting...
[2026-04-01T17:40:01Z] All clear.
[2026-04-01T17:40:01Z] selfcheck-fast done. Problems: 0
[2026-04-01T17:45:01Z] selfcheck-fast starting...
[2026-04-01T17:45:01Z] All clear.
[2026-04-01T17:45:01Z] selfcheck-fast done. Problems: 0
[2026-04-01T17:50:01Z] selfcheck-fast starting...
[2026-04-01T17:50:01Z] All clear.
[2026-04-01T17:50:01Z] selfcheck-fast done. Problems: 0
[2026-04-01T17:55:01Z] selfcheck-fast starting...
[2026-04-01T17:55:01Z] All clear.
[2026-04-01T17:55:01Z] selfcheck-fast done. Problems: 0
[2026-04-01T18:00:01Z] selfcheck-fast starting...
[2026-04-01T18:00:01Z] All clear.
[2026-04-01T18:00:01Z] selfcheck-fast done. Problems: 0
[2026-04-01T18:05:01Z] selfcheck-fast starting...
[2026-04-01T18:05:01Z] All clear.
[2026-04-01T18:05:01Z] selfcheck-fast done. Problems: 0
[2026-04-01T18:10:01Z] selfcheck-fast starting...
[2026-04-01T18:10:01Z] All clear.
[2026-04-01T18:10:01Z] selfcheck-fast done. Problems: 0
[2026-04-01T18:15:01Z] selfcheck-fast starting...
[2026-04-01T18:15:01Z] All clear.
[2026-04-01T18:15:01Z] selfcheck-fast done. Problems: 0
[2026-04-01T18:20:01Z] selfcheck-fast starting...
[2026-04-01T18:20:01Z] All clear.
[2026-04-01T18:20:01Z] selfcheck-fast done. Problems: 0
[2026-04-01T18:25:01Z] selfcheck-fast starting...
[2026-04-01T18:25:01Z] All clear.
[2026-04-01T18:25:01Z] selfcheck-fast done. Problems: 0
[2026-04-01T18:30:01Z] selfcheck-fast starting...
[2026-04-01T18:30:01Z] All clear.
[2026-04-01T18:30:01Z] selfcheck-fast done. Problems: 0
[2026-04-01T18:35:01Z] selfcheck-fast starting...
[2026-04-01T18:35:01Z] All clear.
[2026-04-01T18:35:01Z] selfcheck-fast done. Problems: 0
[2026-04-01T18:40:01Z] selfcheck-fast starting...
[2026-04-01T18:40:01Z] All clear.
[2026-04-01T18:40:01Z] selfcheck-fast done. Problems: 0
[2026-04-01T18:45:01Z] selfcheck-fast starting...
[2026-04-01T18:45:01Z] All clear.
[2026-04-01T18:45:01Z] selfcheck-fast done. Problems: 0
[2026-04-01T18:50:01Z] selfcheck-fast starting...
[2026-04-01T18:50:01Z] All clear.
[2026-04-01T18:50:01Z] selfcheck-fast done. Problems: 0
[2026-04-01T18:55:01Z] selfcheck-fast starting...
[2026-04-01T18:55:01Z] All clear.
[2026-04-01T18:55:01Z] selfcheck-fast done. Problems: 0
[2026-04-01T19:00:01Z] selfcheck-fast starting...
[2026-04-01T19:00:01Z] All clear.
[2026-04-01T19:00:01Z] selfcheck-fast done. Problems: 0
[2026-04-01T19:05:01Z] selfcheck-fast starting...
[2026-04-01T19:05:01Z] All clear.
[2026-04-01T19:05:01Z] selfcheck-fast done. Problems: 0
[2026-04-01T19:10:01Z] selfcheck-fast starting...
[2026-04-01T19:10:01Z] All clear.
[2026-04-01T19:10:01Z] selfcheck-fast done. Problems: 0
[2026-04-01T19:15:01Z] selfcheck-fast starting...
[2026-04-01T19:15:01Z] All clear.
[2026-04-01T19:15:01Z] selfcheck-fast done. Problems: 0
[2026-04-01T19:20:01Z] selfcheck-fast starting...
[2026-04-01T19:20:01Z] All clear.
[2026-04-01T19:20:01Z] selfcheck-fast done. Problems: 0
[2026-04-01T19:25:01Z] selfcheck-fast starting...
[2026-04-01T19:25:01Z] All clear.
[2026-04-01T19:25:01Z] selfcheck-fast done. Problems: 0
[2026-04-01T19:30:01Z] selfcheck-fast starting...
[2026-04-01T19:30:01Z] All clear.
[2026-04-01T19:30:01Z] selfcheck-fast done. Problems: 0
[2026-04-01T19:35:01Z] selfcheck-fast starting...
[2026-04-01T19:35:01Z] All clear.
[2026-04-01T19:35:01Z] selfcheck-fast done. Problems: 0
[2026-04-01T19:40:01Z] selfcheck-fast starting...
[2026-04-01T19:40:01Z] All clear.
[2026-04-01T19:40:01Z] selfcheck-fast done. Problems: 0
[2026-04-01T19:45:01Z] selfcheck-fast starting...
[2026-04-01T19:45:01Z] All clear.
[2026-04-01T19:45:01Z] selfcheck-fast done. Problems: 0
[2026-04-01T19:50:01Z] selfcheck-fast starting...
[2026-04-01T19:50:01Z] All clear.
[2026-04-01T19:50:01Z] selfcheck-fast done. Problems: 0
[2026-04-01T19:55:01Z] selfcheck-fast starting...
[2026-04-01T19:55:01Z] All clear.
[2026-04-01T19:55:01Z] selfcheck-fast done. Problems: 0
[2026-04-01T20:00:01Z] selfcheck-fast starting...
[2026-04-01T20:00:01Z] All clear.
[2026-04-01T20:00:01Z] selfcheck-fast done. Problems: 0
[2026-04-01T20:05:01Z] selfcheck-fast starting...
[2026-04-01T20:05:01Z] All clear.
[2026-04-01T20:05:01Z] selfcheck-fast done. Problems: 0
[2026-04-01T20:10:01Z] selfcheck-fast starting...
[2026-04-01T20:10:01Z] All clear.
[2026-04-01T20:10:01Z] selfcheck-fast done. Problems: 0
[2026-04-01T20:15:01Z] selfcheck-fast starting...
[2026-04-01T20:15:01Z] All clear.
[2026-04-01T20:15:01Z] selfcheck-fast done. Problems: 0
[2026-04-01T20:20:01Z] selfcheck-fast starting...
[2026-04-01T20:20:01Z] All clear.
[2026-04-01T20:20:01Z] selfcheck-fast done. Problems: 0
[2026-04-01T20:25:01Z] selfcheck-fast starting...
[2026-04-01T20:25:01Z] All clear.
[2026-04-01T20:25:01Z] selfcheck-fast done. Problems: 0
[2026-04-01T20:30:01Z] selfcheck-fast starting...
[2026-04-01T20:30:01Z] All clear.
[2026-04-01T20:30:01Z] selfcheck-fast done. Problems: 0
[2026-04-01T20:35:01Z] selfcheck-fast starting...
[2026-04-01T20:35:01Z] All clear.
[2026-04-01T20:35:01Z] selfcheck-fast done. Problems: 0
[2026-04-01T20:40:01Z] selfcheck-fast starting...
[2026-04-01T20:40:01Z] All clear.
[2026-04-01T20:40:01Z] selfcheck-fast done. Problems: 0
[2026-04-01T20:45:01Z] selfcheck-fast starting...
[2026-04-01T20:45:01Z] All clear.
[2026-04-01T20:45:01Z] selfcheck-fast done. Problems: 0
[2026-04-01T20:50:01Z] selfcheck-fast starting...
[2026-04-01T20:50:01Z] All clear.
[2026-04-01T20:50:01Z] selfcheck-fast done. Problems: 0
[2026-04-01T20:55:01Z] selfcheck-fast starting...
[2026-04-01T20:55:01Z] All clear.
[2026-04-01T20:55:01Z] selfcheck-fast done. Problems: 0
[2026-04-01T21:00:01Z] selfcheck-fast starting...
[2026-04-01T21:00:01Z] All clear.
[2026-04-01T21:00:01Z] selfcheck-fast done. Problems: 0
[2026-04-01T21:05:01Z] selfcheck-fast starting...
[2026-04-01T21:05:01Z] All clear.
[2026-04-01T21:05:01Z] selfcheck-fast done. Problems: 0
[2026-04-01T21:10:01Z] selfcheck-fast starting...
[2026-04-01T21:10:01Z] All clear.
[2026-04-01T21:10:01Z] selfcheck-fast done. Problems: 0
[2026-04-01T21:15:01Z] selfcheck-fast starting...
[2026-04-01T21:15:01Z] All clear.
[2026-04-01T21:15:01Z] selfcheck-fast done. Problems: 0
[2026-04-01T21:20:01Z] selfcheck-fast starting...
[2026-04-01T21:20:01Z] All clear.
[2026-04-01T21:20:01Z] selfcheck-fast done. Problems: 0
[2026-04-01T21:25:01Z] selfcheck-fast starting...
[2026-04-01T21:25:01Z] All clear.
[2026-04-01T21:25:01Z] selfcheck-fast done. Problems: 0
[2026-04-01T21:30:01Z] selfcheck-fast starting...
[2026-04-01T21:30:01Z] All clear.
[2026-04-01T21:30:01Z] selfcheck-fast done. Problems: 0
[2026-04-01T21:35:01Z] selfcheck-fast starting...
[2026-04-01T21:35:01Z] All clear.
[2026-04-01T21:35:01Z] selfcheck-fast done. Problems: 0
[2026-04-01T21:40:01Z] selfcheck-fast starting...
[2026-04-01T21:40:01Z] All clear.
[2026-04-01T21:40:01Z] selfcheck-fast done. Problems: 0
[2026-04-01T21:45:01Z] selfcheck-fast starting...
[2026-04-01T21:45:01Z] All clear.
[2026-04-01T21:45:01Z] selfcheck-fast done. Problems: 0
[2026-04-01T21:50:01Z] selfcheck-fast starting...
[2026-04-01T21:50:01Z] All clear.
[2026-04-01T21:50:01Z] selfcheck-fast done. Problems: 0
[2026-04-01T21:55:01Z] selfcheck-fast starting...
[2026-04-01T21:55:01Z] All clear.
[2026-04-01T21:55:01Z] selfcheck-fast done. Problems: 0
[2026-04-01T22:00:01Z] selfcheck-fast starting...
[2026-04-01T22:00:01Z] All clear.
[2026-04-01T22:00:01Z] selfcheck-fast done. Problems: 0
[2026-04-01T22:05:01Z] selfcheck-fast starting...
[2026-04-01T22:05:01Z] All clear.
[2026-04-01T22:05:01Z] selfcheck-fast done. Problems: 0
[2026-04-01T22:10:01Z] selfcheck-fast starting...
[2026-04-01T22:10:01Z] All clear.
[2026-04-01T22:10:01Z] selfcheck-fast done. Problems: 0
[2026-04-01T22:15:01Z] selfcheck-fast starting...
[2026-04-01T22:15:01Z] All clear.
[2026-04-01T22:15:01Z] selfcheck-fast done. Problems: 0
[2026-04-01T22:20:01Z] selfcheck-fast starting...
[2026-04-01T22:20:01Z] All clear.
[2026-04-01T22:20:01Z] selfcheck-fast done. Problems: 0
[2026-04-01T22:25:01Z] selfcheck-fast starting...
[2026-04-01T22:25:01Z] All clear.
[2026-04-01T22:25:01Z] selfcheck-fast done. Problems: 0
[2026-04-01T22:30:02Z] selfcheck-fast starting...
[2026-04-01T22:30:02Z] All clear.
[2026-04-01T22:30:02Z] selfcheck-fast done. Problems: 0
[2026-04-01T22:35:01Z] selfcheck-fast starting...
[2026-04-01T22:35:01Z] All clear.
[2026-04-01T22:35:01Z] selfcheck-fast done. Problems: 0
[2026-04-01T22:40:01Z] selfcheck-fast starting...
[2026-04-01T22:40:01Z] All clear.
[2026-04-01T22:40:01Z] selfcheck-fast done. Problems: 0
[2026-04-01T22:45:01Z] selfcheck-fast starting...
[2026-04-01T22:45:01Z] All clear.
[2026-04-01T22:45:01Z] selfcheck-fast done. Problems: 0
[2026-04-01T22:50:01Z] selfcheck-fast starting...
[2026-04-01T22:50:01Z] All clear.
[2026-04-01T22:50:01Z] selfcheck-fast done. Problems: 0
[2026-04-01T22:55:01Z] selfcheck-fast starting...
[2026-04-01T22:55:01Z] All clear.
[2026-04-01T22:55:01Z] selfcheck-fast done. Problems: 0
[2026-04-01T23:00:01Z] selfcheck-fast starting...
[2026-04-01T23:00:01Z] All clear.
[2026-04-01T23:00:01Z] selfcheck-fast done. Problems: 0
[2026-04-01T23:05:01Z] selfcheck-fast starting...
[2026-04-01T23:05:01Z] All clear.
[2026-04-01T23:05:01Z] selfcheck-fast done. Problems: 0
[2026-04-01T23:10:01Z] selfcheck-fast starting...
[2026-04-01T23:10:01Z] All clear.
[2026-04-01T23:10:01Z] selfcheck-fast done. Problems: 0
[2026-04-01T23:15:01Z] selfcheck-fast starting...
[2026-04-01T23:15:01Z] All clear.
[2026-04-01T23:15:01Z] selfcheck-fast done. Problems: 0
[2026-04-01T23:20:01Z] selfcheck-fast starting...
[2026-04-01T23:20:01Z] All clear.
[2026-04-01T23:20:01Z] selfcheck-fast done. Problems: 0
[2026-04-01T23:25:01Z] selfcheck-fast starting...
[2026-04-01T23:25:01Z] All clear.
[2026-04-01T23:25:01Z] selfcheck-fast done. Problems: 0
[2026-04-01T23:30:01Z] selfcheck-fast starting...
[2026-04-01T23:30:01Z] All clear.
[2026-04-01T23:30:01Z] selfcheck-fast done. Problems: 0
[2026-04-01T23:35:01Z] selfcheck-fast starting...
[2026-04-01T23:35:01Z] All clear.
[2026-04-01T23:35:01Z] selfcheck-fast done. Problems: 0
[2026-04-01T23:40:01Z] selfcheck-fast starting...
[2026-04-01T23:40:01Z] All clear.
[2026-04-01T23:40:01Z] selfcheck-fast done. Problems: 0
[2026-04-01T23:45:01Z] selfcheck-fast starting...
[2026-04-01T23:45:01Z] All clear.
[2026-04-01T23:45:01Z] selfcheck-fast done. Problems: 0
[2026-04-01T23:50:01Z] selfcheck-fast starting...
[2026-04-01T23:50:01Z] All clear.
[2026-04-01T23:50:01Z] selfcheck-fast done. Problems: 0
[2026-04-01T23:55:01Z] selfcheck-fast starting...
[2026-04-01T23:55:01Z] All clear.
[2026-04-01T23:55:01Z] selfcheck-fast done. Problems: 0
[2026-04-02T00:00:01Z] selfcheck-fast starting...
[2026-04-02T00:00:01Z] All clear.
[2026-04-02T00:00:01Z] selfcheck-fast done. Problems: 0
[2026-04-02T00:05:01Z] selfcheck-fast starting...
[2026-04-02T00:05:01Z] All clear.
[2026-04-02T00:05:01Z] selfcheck-fast done. Problems: 0
[2026-04-02T00:10:01Z] selfcheck-fast starting...
[2026-04-02T00:10:01Z] All clear.
[2026-04-02T00:10:01Z] selfcheck-fast done. Problems: 0
[2026-04-02T00:15:01Z] selfcheck-fast starting...
[2026-04-02T00:15:01Z] All clear.
[2026-04-02T00:15:01Z] selfcheck-fast done. Problems: 0
[2026-04-02T00:20:01Z] selfcheck-fast starting...
[2026-04-02T00:20:01Z] All clear.
[2026-04-02T00:20:01Z] selfcheck-fast done. Problems: 0
[2026-04-02T00:25:01Z] selfcheck-fast starting...
[2026-04-02T00:25:01Z] All clear.
[2026-04-02T00:25:01Z] selfcheck-fast done. Problems: 0
[2026-04-02T00:30:01Z] selfcheck-fast starting...
[2026-04-02T00:30:01Z] All clear.
[2026-04-02T00:30:01Z] selfcheck-fast done. Problems: 0
[2026-04-02T00:35:01Z] selfcheck-fast starting...
[2026-04-02T00:35:01Z] All clear.
[2026-04-02T00:35:01Z] selfcheck-fast done. Problems: 0
[2026-04-02T00:40:01Z] selfcheck-fast starting...
[2026-04-02T00:40:01Z] All clear.
[2026-04-02T00:40:01Z] selfcheck-fast done. Problems: 0
[2026-04-02T00:45:01Z] selfcheck-fast starting...
[2026-04-02T00:45:01Z] All clear.
[2026-04-02T00:45:01Z] selfcheck-fast done. Problems: 0
[2026-04-02T00:50:01Z] selfcheck-fast starting...
[2026-04-02T00:50:01Z] All clear.
[2026-04-02T00:50:01Z] selfcheck-fast done. Problems: 0
[2026-04-02T00:55:01Z] selfcheck-fast starting...
[2026-04-02T00:55:01Z] All clear.
[2026-04-02T00:55:01Z] selfcheck-fast done. Problems: 0
[2026-04-02T01:00:01Z] selfcheck-fast starting...
[2026-04-02T01:00:01Z] All clear.
[2026-04-02T01:00:01Z] selfcheck-fast done. Problems: 0
[2026-04-02T01:05:01Z] selfcheck-fast starting...
[2026-04-02T01:05:01Z] All clear.
[2026-04-02T01:05:01Z] selfcheck-fast done. Problems: 0
[2026-04-02T01:10:01Z] selfcheck-fast starting...
[2026-04-02T01:10:01Z] All clear.
[2026-04-02T01:10:01Z] selfcheck-fast done. Problems: 0
[2026-04-02T01:15:01Z] selfcheck-fast starting...
[2026-04-02T01:15:01Z] All clear.
[2026-04-02T01:15:01Z] selfcheck-fast done. Problems: 0
[2026-04-02T01:20:01Z] selfcheck-fast starting...
[2026-04-02T01:20:01Z] All clear.
[2026-04-02T01:20:01Z] selfcheck-fast done. Problems: 0
[2026-04-02T01:25:01Z] selfcheck-fast starting...
[2026-04-02T01:25:01Z] All clear.
[2026-04-02T01:25:01Z] selfcheck-fast done. Problems: 0
[2026-04-02T01:30:01Z] selfcheck-fast starting...
[2026-04-02T01:30:01Z] All clear.
[2026-04-02T01:30:01Z] selfcheck-fast done. Problems: 0
[2026-04-02T01:35:01Z] selfcheck-fast starting...
[2026-04-02T01:35:01Z] All clear.
[2026-04-02T01:35:01Z] selfcheck-fast done. Problems: 0
[2026-04-02T01:40:01Z] selfcheck-fast starting...
[2026-04-02T01:40:01Z] All clear.
[2026-04-02T01:40:01Z] selfcheck-fast done. Problems: 0
[2026-04-02T01:45:01Z] selfcheck-fast starting...
[2026-04-02T01:45:01Z] All clear.
[2026-04-02T01:45:01Z] selfcheck-fast done. Problems: 0
[2026-04-02T01:50:01Z] selfcheck-fast starting...
[2026-04-02T01:50:01Z] All clear.
[2026-04-02T01:50:01Z] selfcheck-fast done. Problems: 0
[2026-04-02T01:55:01Z] selfcheck-fast starting...
[2026-04-02T01:55:01Z] All clear.
[2026-04-02T01:55:01Z] selfcheck-fast done. Problems: 0
[2026-04-02T02:00:01Z] selfcheck-fast starting...
[2026-04-02T02:00:01Z] All clear.
[2026-04-02T02:00:01Z] selfcheck-fast done. Problems: 0
[2026-04-02T02:05:01Z] selfcheck-fast starting...
[2026-04-02T02:05:01Z] All clear.
[2026-04-02T02:05:01Z] selfcheck-fast done. Problems: 0
[2026-04-02T02:10:01Z] selfcheck-fast starting...
[2026-04-02T02:10:01Z] All clear.
[2026-04-02T02:10:01Z] selfcheck-fast done. Problems: 0
[2026-04-02T02:15:01Z] selfcheck-fast starting...
[2026-04-02T02:15:01Z] All clear.
[2026-04-02T02:15:01Z] selfcheck-fast done. Problems: 0
[2026-04-02T02:20:01Z] selfcheck-fast starting...
[2026-04-02T02:20:01Z] All clear.
[2026-04-02T02:20:01Z] selfcheck-fast done. Problems: 0
[2026-04-02T02:25:01Z] selfcheck-fast starting...
[2026-04-02T02:25:01Z] All clear.
[2026-04-02T02:25:01Z] selfcheck-fast done. Problems: 0
[2026-04-02T02:30:01Z] selfcheck-fast starting...
[2026-04-02T02:30:01Z] All clear.
[2026-04-02T02:30:01Z] selfcheck-fast done. Problems: 0
[2026-04-02T02:35:01Z] selfcheck-fast starting...
[2026-04-02T02:35:01Z] All clear.
[2026-04-02T02:35:01Z] selfcheck-fast done. Problems: 0
[2026-04-02T02:40:01Z] selfcheck-fast starting...
[2026-04-02T02:40:01Z] All clear.
[2026-04-02T02:40:01Z] selfcheck-fast done. Problems: 0
[2026-04-02T02:45:01Z] selfcheck-fast starting...
