[2026-03-28T10:54:05Z] Inbox watcher started. Monitoring: /home/lever/command/inbox/incoming
[2026-03-28T10:54:16Z] Processing: test-note.txt (type: txt)
[2026-03-28T10:54:16Z] Spawning RESEARCH session for test-note.txt...
[2026-03-28T10:55:18Z] SUCCESS: test-note.txt processed and moved to processed/
[2026-03-28T11:54:25Z] Processing: 20260328-115423-PredictionIndex2025-2026.pdf (type: pdf)
[2026-03-28T11:54:25Z] Spawning RESEARCH session for 20260328-115423-PredictionIndex2025-2026.pdf...
[2026-03-28T12:01:54Z] SUCCESS: 20260328-115423-PredictionIndex2025-2026.pdf processed and moved to processed/
[2026-03-28T12:01:56Z] Processing: 20260328-115813-PredictionIndex2025-2026.pdf (type: pdf)
[2026-03-28T12:01:56Z] Spawning RESEARCH session for 20260328-115813-PredictionIndex2025-2026.pdf...
[2026-03-28T12:04:32Z] SUCCESS: 20260328-115813-PredictionIndex2025-2026.pdf processed and moved to processed/
[2026-03-28T12:35:59Z] Processing: 20260328-123557-photo-20260328-123557.jpg (type: jpg)
[2026-03-28T12:35:59Z] Spawning RESEARCH session for 20260328-123557-photo-20260328-123557.jpg...
[2026-03-28T12:36:23Z] SUCCESS: 20260328-123557-photo-20260328-123557.jpg processed and moved to processed/
[2026-03-28T12:46:26Z] Processing: 20260328-124624-pngwing.com 1.png (type: png)
[2026-03-28T12:46:26Z] Spawning RESEARCH session for 20260328-124624-pngwing.com 1.png...
[2026-03-28T12:47:13Z] SUCCESS: 20260328-124624-pngwing.com 1.png processed and moved to processed/
[2026-03-30T12:04:06Z] Processing: 20260330-120404-docs-arbitrum-io.url (type: url)
[2026-03-30T12:04:06Z] Spawning RESEARCH session for 20260330-120404-docs-arbitrum-io.url...
[2026-03-30T12:07:24Z] SUCCESS: 20260330-120404-docs-arbitrum-io.url processed and moved to processed/
[2026-03-30T12:07:26Z] Processing: 20260330-120418-arbitrum-quickstart.url (type: url)
[2026-03-30T12:07:26Z] Spawning RESEARCH session for 20260330-120418-arbitrum-quickstart.url...
[2026-03-30T12:07:59Z] SUCCESS: 20260330-120418-arbitrum-quickstart.url processed and moved to processed/
[2026-03-31T06:07:58Z] Processing: 20260331-060756-github-com.url (type: url)
[2026-03-31T06:07:58Z] Spawning RESEARCH session for 20260331-060756-github-com.url...
[2026-03-31T06:10:20Z] SUCCESS: 20260331-060756-github-com.url processed and moved to processed/
[2026-04-06T08:39:16Z] Processing: 20260406-083914-youtu-be.url (type: url)
[2026-04-06T08:39:16Z] Spawning RESEARCH session for 20260406-083914-youtu-be.url...
[2026-04-06T08:42:32Z] SUCCESS: 20260406-083914-youtu-be.url processed and moved to processed/
