2026-03-28 11:27:29,127 [INFO] Vigil Telegram Gateway started
2026-03-28 11:27:29,128 [INFO] Authorized user: 422985839
2026-03-28 11:27:29,128 [INFO] Inbox: /home/lever/command/inbox/incoming
2026-03-28 11:28:00,720 [INFO] Received signal 15, shutting down...
2026-03-28 11:28:01,136 [INFO] Telegram Gateway stopped
2026-03-28 11:28:01,221 [INFO] Vigil Telegram Gateway started
2026-03-28 11:28:01,222 [INFO] Authorized user: 422985839
2026-03-28 11:28:01,222 [INFO] Inbox: /home/lever/command/inbox/incoming
2026-03-28 11:29:04,421 [INFO] Document received: PredictionIndex2025-2026.pdf
2026-03-28 11:29:04,912 [ERROR] TG API error: getFile - HTTP Error 400: Bad Request
2026-03-28 11:29:04,912 [ERROR] Could not get file path for BQACAgUAAxkBAAIQgWnHu38HJEximy6SVny4sYL-3w4hAAKRHgACGDJAVshakucvkmUwOgQ
2026-03-28 11:30:26,582 [INFO] Received signal 15, shutting down...
2026-03-28 11:30:29,766 [INFO] Forwarding to OpenClaw: Timmy?...
2026-03-28 11:30:41,965 [INFO] Telegram Gateway stopped
2026-03-28 11:30:42,049 [INFO] Vigil Telegram Gateway started
2026-03-28 11:30:42,050 [INFO] Authorized user: 422985839
2026-03-28 11:30:42,050 [INFO] Inbox: /home/lever/command/inbox/incoming
2026-03-28 11:30:52,076 [INFO] Forwarding to OpenClaw: are you working on this?...
2026-03-28 11:31:25,641 [INFO] Forwarding to OpenClaw: [3/28/2026 8:13 PM] Timmy: Master, the document didn't come through clearly. I can't see the attachm...
2026-03-28 11:38:21,466 [INFO] Received signal 15, shutting down...
2026-03-28 11:38:22,754 [INFO] Telegram Gateway stopped
2026-03-28 11:38:22,862 [INFO] Vigil Telegram Gateway started
2026-03-28 11:38:22,863 [INFO] Authorized user: 422985839
2026-03-28 11:38:22,863 [INFO] Inbox: /home/lever/command/inbox/incoming
2026-03-28 11:38:22,891 [INFO] Using REMOTE Bot API: https://api.telegram.org/bot8541708860:AAGmNKlIeo5...
2026-03-28 11:38:24,041 [INFO] Forwarding to OpenClaw: how heavy is option b...
2026-03-28 11:42:34,176 [INFO] Received signal 15, shutting down...
2026-03-28 11:42:35,212 [INFO] Telegram Gateway stopped
2026-03-28 11:42:35,365 [INFO] Vigil Telegram Gateway started
2026-03-28 11:42:35,365 [INFO] Authorized user: 422985839
2026-03-28 11:42:35,365 [INFO] Inbox: /home/lever/command/inbox/incoming
2026-03-28 11:42:35,409 [INFO] Using REMOTE Bot API: https://api.telegram.org/bot8541708860:AAGmNKlIeo5...
2026-03-28 11:42:36,552 [INFO] Forwarding to OpenClaw: you should check the logs and explain...
2026-03-28 11:43:02,842 [INFO] Forwarding to OpenClaw: Also I dont care if it went wrong I need you to then restart on it WTF?...
2026-03-28 11:44:22,126 [INFO] Forwarding to OpenClaw: Why aren't you being more proactive?...
2026-03-28 11:48:48,913 [INFO] Received signal 15, shutting down...
2026-03-28 11:48:50,671 [INFO] Telegram Gateway stopped
2026-03-28 11:48:50,760 [INFO] Vigil Telegram Gateway started
2026-03-28 11:48:50,760 [INFO] Authorized user: 422985839
2026-03-28 11:48:50,760 [INFO] Inbox: /home/lever/command/inbox/incoming
2026-03-28 11:48:50,785 [INFO] Using REMOTE Bot API: https://api.telegram.org/bot8541708860:AAGmNKlIeo5...
2026-03-28 11:48:51,912 [INFO] Forwarding to OpenClaw: The grids look like trash tacky not modern classy and sophisticated. we are an institutional platfor...
2026-03-28 11:49:11,096 [ERROR] TG API error: sendChatAction - HTTP Error 400: Bad Request
2026-03-28 11:49:22,355 [INFO] Received signal 15, shutting down...
2026-03-28 11:49:23,976 [INFO] Forwarding to OpenClaw: also the page is not live at xmarket.app that 's a LIE WTF...
2026-03-28 11:50:52,568 [INFO] Vigil Telegram Gateway started
2026-03-28 11:50:52,568 [INFO] Authorized user: 422985839
2026-03-28 11:50:52,568 [INFO] Inbox: /home/lever/command/inbox/incoming
2026-03-28 11:50:52,851 [INFO] Received signal 15, shutting down...
2026-03-28 11:50:54,598 [INFO] Using REMOTE Bot API: https://api.telegram.org/bot8541708860:AAGmNKlIeo5...
2026-03-28 11:51:25,083 [INFO] Telegram Gateway stopped
2026-03-28 11:51:25,165 [INFO] Vigil Telegram Gateway started
2026-03-28 11:51:25,165 [INFO] Authorized user: 422985839
2026-03-28 11:51:25,166 [INFO] Inbox: /home/lever/command/inbox/incoming
2026-03-28 11:51:25,190 [INFO] Using LOCAL Bot API: http://localhost:8081/bot8541708860:AAGmNKlIeo5Acn...
2026-03-28 11:52:13,513 [INFO] Document received: PredictionIndex2025-2026.pdf (28632276 bytes)
2026-03-28 11:52:13,513 [WARNING] File too large for Bot API: PredictionIndex2025-2026.pdf (28632276 bytes). Telegram Bot API limit is 20MB.
2026-03-28 11:52:13,616 [INFO] Forwarding to OpenClaw: Master tried to send files but download failed: PredictionIndex2025-2026.pdf (too large, 28MB, use S...
2026-03-28 11:52:51,148 [INFO] Received signal 15, shutting down...
2026-03-28 11:52:51,507 [WARNING] OpenClaw returned empty response. Retrying...
2026-03-28 11:54:21,306 [INFO] Vigil Telegram Gateway started
2026-03-28 11:54:21,306 [INFO] Authorized user: 422985839
2026-03-28 11:54:21,306 [INFO] Inbox: /home/lever/command/inbox/incoming
2026-03-28 11:54:21,331 [INFO] Using LOCAL Bot API: http://localhost:8081/bot8541708860:AAGmNKlIeo5Acn...
2026-03-28 11:54:21,332 [INFO] Document received: PredictionIndex2025-2026.pdf (28632276 bytes)
2026-03-28 11:54:23,087 [INFO] Copied (local): PredictionIndex2025-2026.pdf -> /home/lever/command/inbox/incoming/20260328-115423-PredictionIndex2025-2026.pdf
2026-03-28 11:54:23,164 [INFO] Forwarding to OpenClaw: Master just sent files (saved to knowledge inbox): PredictionIndex2025-2026.pdf. Acknowledge receipt...
2026-03-28 11:56:42,837 [INFO] Received signal 15, shutting down...
2026-03-28 11:56:43,134 [WARNING] OpenClaw returned empty response. Retrying...
2026-03-28 11:58:13,048 [INFO] Vigil Telegram Gateway v2 started
2026-03-28 11:58:13,048 [INFO] Authorized user: 422985839
2026-03-28 11:58:13,048 [INFO] Inbox: /home/lever/command/inbox/incoming
2026-03-28 11:58:13,048 [INFO] Max concurrent tasks: 3
2026-03-28 11:58:13,073 [INFO] Using LOCAL Bot API (no file size limit)
2026-03-28 11:58:13,074 [INFO] Document received: PredictionIndex2025-2026.pdf (28632276 bytes)
2026-03-28 11:58:13,101 [INFO] Copied (local): PredictionIndex2025-2026.pdf -> /home/lever/command/inbox/incoming/20260328-115813-PredictionIndex2025-2026.pdf
2026-03-28 11:58:17,906 [INFO] Received signal 15, shutting down...
2026-03-28 11:58:43,189 [INFO] Shutting down thread pool...
2026-03-28 11:58:43,189 [INFO] Telegram Gateway stopped
2026-03-28 11:58:43,278 [INFO] Vigil Telegram Gateway v2 started
2026-03-28 11:58:43,278 [INFO] Authorized user: 422985839
2026-03-28 11:58:43,278 [INFO] Inbox: /home/lever/command/inbox/incoming
2026-03-28 11:58:43,278 [INFO] Max concurrent tasks: 3
2026-03-28 11:58:43,303 [INFO] Using LOCAL Bot API (no file size limit)
2026-03-28 12:01:13,214 [INFO] Queuing for OpenClaw: The grids look like trash tacky not modern classy and sophisticated. we are an i...
2026-03-28 12:06:15,047 [INFO] Task completed in 302s
2026-03-28 12:06:20,708 [INFO] Received signal 15, shutting down...
2026-03-28 12:06:43,252 [INFO] Shutting down thread pool...
2026-03-28 12:06:43,252 [INFO] Telegram Gateway stopped
2026-03-28 12:06:43,335 [INFO] Vigil Telegram Gateway v2 started
2026-03-28 12:06:43,335 [INFO] Authorized user: 422985839
2026-03-28 12:06:43,335 [INFO] Inbox: /home/lever/command/inbox/incoming
2026-03-28 12:06:43,335 [INFO] Max concurrent tasks: 3
2026-03-28 12:06:43,360 [INFO] Using LOCAL Bot API (no file size limit)
2026-03-28 12:08:57,777 [INFO] Queuing for OpenClaw: kind of but some comments. 1. I think these still needs to be something for the ...
